{"C:\\Users\\Burnt\\Documents\\GitHub\\S3-Sidekick\\src\\activity-log.ts": {"path":"C:\\Users\\Burnt\\Documents\\GitHub\\S3-Sidekick\\src\\activity-log.ts","statementMap":{"0":{"start":{"line":18,"column":20},"end":{"line":18,"column":null}},"1":{"start":{"line":19,"column":31},"end":{"line":19,"column":null}},"2":{"start":{"line":25,"column":2},"end":{"line":25,"column":null}},"3":{"start":{"line":26,"column":2},"end":{"line":28,"column":null}},"4":{"start":{"line":27,"column":4},"end":{"line":27,"column":null}},"5":{"start":{"line":29,"column":2},"end":{"line":29,"column":null}},"6":{"start":{"line":30,"column":2},"end":{"line":30,"column":null}},"7":{"start":{"line":34,"column":2},"end":{"line":34,"column":null}},"8":{"start":{"line":38,"column":2},"end":{"line":40,"column":null}},"9":{"start":{"line":39,"column":4},"end":{"line":39,"column":null}},"10":{"start":{"line":44,"column":2},"end":{"line":44,"column":null}},"11":{"start":{"line":48,"column":2},"end":{"line":48,"column":null}},"12":{"start":{"line":49,"column":2},"end":{"line":49,"column":null}},"13":{"start":{"line":50,"column":2},"end":{"line":50,"column":null}},"14":{"start":{"line":54,"column":15},"end":{"line":54,"column":null}},"15":{"start":{"line":55,"column":2},"end":{"line":55,"column":null}},"16":{"start":{"line":55,"column":13},"end":{"line":55,"column":null}},"17":{"start":{"line":57,"column":2},"end":{"line":64,"column":null}},"18":{"start":{"line":58,"column":4},"end":{"line":59,"column":null}},"19":{"start":{"line":63,"column":4},"end":{"line":63,"column":null}},"20":{"start":{"line":66,"column":2},"end":{"line":81,"column":null}},"21":{"start":{"line":70,"column":22},"end":{"line":70,"column":null}},"22":{"start":{"line":71,"column":19},"end":{"line":71,"column":null}},"23":{"start":{"line":72,"column":24},"end":{"line":72,"column":null}},"24":{"start":{"line":73,"column":6},"end":{"line":77,"column":null}},"25":{"start":{"line":85,"column":16},"end":{"line":85,"column":null}},"26":{"start":{"line":86,"column":2},"end":{"line":89,"column":null}},"27":{"start":{"line":87,"column":4},"end":{"line":87,"column":null}},"28":{"start":{"line":88,"column":4},"end":{"line":88,"column":null}},"29":{"start":{"line":90,"column":22},"end":{"line":90,"column":null}},"30":{"start":{"line":91,"column":2},"end":{"line":94,"column":null}},"31":{"start":{"line":92,"column":4},"end":{"line":92,"column":null}},"32":{"start":{"line":93,"column":4},"end":{"line":93,"column":null}},"33":{"start":{"line":98,"column":12},"end":{"line":98,"column":null}},"34":{"start":{"line":99,"column":12},"end":{"line":99,"column":null}},"35":{"start":{"line":100,"column":12},"end":{"line":100,"column":null}},"36":{"start":{"line":101,"column":2},"end":{"line":101,"column":null}},"37":{"start":{"line":105,"column":2},"end":{"line":126,"column":null}},"38":{"start":{"line":107,"column":6},"end":{"line":110,"column":null}},"39":{"start":{"line":112,"column":6},"end":{"line":115,"column":null}},"40":{"start":{"line":117,"column":6},"end":{"line":120,"column":null}},"41":{"start":{"line":122,"column":6},"end":{"line":125,"column":null}}},"fnMap":{"0":{"name":"logActivity","decl":{"start":{"line":21,"column":16},"end":{"line":21,"column":null}},"loc":{"start":{"line":24,"column":8},"end":{"line":31,"column":null}},"line":24},"1":{"name":"toggleActivityLog","decl":{"start":{"line":33,"column":16},"end":{"line":33,"column":42}},"loc":{"start":{"line":33,"column":42},"end":{"line":35,"column":null}},"line":33},"2":{"name":"hideActivityLog","decl":{"start":{"line":37,"column":16},"end":{"line":37,"column":40}},"loc":{"start":{"line":37,"column":40},"end":{"line":41,"column":null}},"line":37},"3":{"name":"showActivityLog","decl":{"start":{"line":43,"column":16},"end":{"line":43,"column":40}},"loc":{"start":{"line":43,"column":40},"end":{"line":45,"column":null}},"line":43},"4":{"name":"clearActivityLog","decl":{"start":{"line":47,"column":16},"end":{"line":47,"column":41}},"loc":{"start":{"line":47,"column":41},"end":{"line":51,"column":null}},"line":47},"5":{"name":"renderActivityLog","decl":{"start":{"line":53,"column":9},"end":{"line":53,"column":35}},"loc":{"start":{"line":53,"column":35},"end":{"line":82,"column":null}},"line":53},"6":{"name":"(anonymous_6)","decl":{"start":{"line":69,"column":9},"end":{"line":69,"column":10}},"loc":{"start":{"line":69,"column":20},"end":{"line":80,"column":5}},"line":69},"7":{"name":"updateBadge","decl":{"start":{"line":84,"column":9},"end":{"line":84,"column":29}},"loc":{"start":{"line":84,"column":29},"end":{"line":95,"column":null}},"line":84},"8":{"name":"formatTime","decl":{"start":{"line":97,"column":9},"end":{"line":97,"column":20}},"loc":{"start":{"line":97,"column":37},"end":{"line":102,"column":null}},"line":97},"9":{"name":"typeIcon","decl":{"start":{"line":104,"column":9},"end":{"line":104,"column":18}},"loc":{"start":{"line":104,"column":46},"end":{"line":127,"column":null}},"line":104}},"branchMap":{"0":{"loc":{"start":{"line":23,"column":2},"end":{"line":23,"column":null}},"type":"default-arg","locations":[{"start":{"line":23,"column":23},"end":{"line":23,"column":null}}],"line":23},"1":{"loc":{"start":{"line":26,"column":2},"end":{"line":28,"column":null}},"type":"if","locations":[{"start":{"line":26,"column":2},"end":{"line":28,"column":null}},{"start":{},"end":{}}],"line":26},"2":{"loc":{"start":{"line":38,"column":2},"end":{"line":40,"column":null}},"type":"if","locations":[{"start":{"line":38,"column":2},"end":{"line":40,"column":null}},{"start":{},"end":{}}],"line":38},"3":{"loc":{"start":{"line":38,"column":2},"end":{"line":38,"column":55}},"type":"binary-expr","locations":[{"start":{"line":38,"column":2},"end":{"line":38,"column":24}},{"start":{"line":38,"column":19},"end":{"line":38,"column":55}}],"line":38},"4":{"loc":{"start":{"line":55,"column":2},"end":{"line":55,"column":null}},"type":"if","locations":[{"start":{"line":55,"column":2},"end":{"line":55,"column":null}},{"start":{},"end":{}}],"line":55},"5":{"loc":{"start":{"line":57,"column":2},"end":{"line":64,"column":null}},"type":"if","locations":[{"start":{"line":57,"column":2},"end":{"line":64,"column":null}},{"start":{},"end":{}}],"line":57},"6":{"loc":{"start":{"line":86,"column":2},"end":{"line":89,"column":null}},"type":"if","locations":[{"start":{"line":86,"column":2},"end":{"line":89,"column":null}},{"start":{},"end":{}}],"line":86},"7":{"loc":{"start":{"line":87,"column":24},"end":{"line":87,"column":null}},"type":"cond-expr","locations":[{"start":{"line":87,"column":45},"end":{"line":87,"column":70}},{"start":{"line":87,"column":70},"end":{"line":87,"column":null}}],"line":87},"8":{"loc":{"start":{"line":88,"column":26},"end":{"line":88,"column":null}},"type":"cond-expr","locations":[{"start":{"line":88,"column":47},"end":{"line":88,"column":52}},{"start":{"line":88,"column":52},"end":{"line":88,"column":null}}],"line":88},"9":{"loc":{"start":{"line":91,"column":2},"end":{"line":94,"column":null}},"type":"if","locations":[{"start":{"line":91,"column":2},"end":{"line":94,"column":null}},{"start":{},"end":{}}],"line":91},"10":{"loc":{"start":{"line":92,"column":30},"end":{"line":92,"column":null}},"type":"cond-expr","locations":[{"start":{"line":92,"column":51},"end":{"line":92,"column":76}},{"start":{"line":92,"column":76},"end":{"line":92,"column":null}}],"line":92},"11":{"loc":{"start":{"line":93,"column":32},"end":{"line":93,"column":null}},"type":"cond-expr","locations":[{"start":{"line":93,"column":53},"end":{"line":93,"column":58}},{"start":{"line":93,"column":58},"end":{"line":93,"column":null}}],"line":93},"12":{"loc":{"start":{"line":105,"column":2},"end":{"line":126,"column":null}},"type":"switch","locations":[{"start":{"line":106,"column":4},"end":{"line":110,"column":null}},{"start":{"line":111,"column":4},"end":{"line":115,"column":null}},{"start":{"line":116,"column":4},"end":{"line":120,"column":null}},{"start":{"line":121,"column":4},"end":{"line":125,"column":null}}],"line":105}},"s":{"0":22,"1":22,"2":252,"3":252,"4":7,"5":252,"6":252,"7":3,"8":2,"9":1,"10":1,"11":2,"12":2,"13":2,"14":254,"15":254,"16":1,"17":253,"18":2,"19":2,"20":251,"21":21606,"22":21606,"23":21606,"24":21606,"25":254,"26":254,"27":252,"28":252,"29":254,"30":254,"31":252,"32":252,"33":21606,"34":21606,"35":21606,"36":21606,"37":21606,"38":32,"39":7,"40":2,"41":21565},"f":{"0":252,"1":3,"2":2,"3":1,"4":2,"5":254,"6":21606,"7":254,"8":21606,"9":21606},"b":{"0":[252],"1":[7,245],"2":[1,1],"3":[2,2],"4":[1,253],"5":[2,251],"6":[252,2],"7":[251,1],"8":[251,1],"9":[252,2],"10":[251,1],"11":[251,1],"12":[32,7,2,21565]},"meta":{"lastBranch":13,"lastFunction":10,"lastStatement":42,"seen":{"s:18:20:18:Infinity":0,"s:19:31:19:Infinity":1,"f:21:16:21:Infinity":0,"b:23:23:23:Infinity":0,"s:25:2:25:Infinity":2,"b:26:2:28:Infinity:undefined:undefined:undefined:undefined":1,"s:26:2:28:Infinity":3,"s:27:4:27:Infinity":4,"s:29:2:29:Infinity":5,"s:30:2:30:Infinity":6,"f:33:16:33:42":1,"s:34:2:34:Infinity":7,"f:37:16:37:40":2,"b:38:2:40:Infinity:undefined:undefined:undefined:undefined":2,"s:38:2:40:Infinity":8,"b:38:2:38:24:38:19:38:55":3,"s:39:4:39:Infinity":9,"f:43:16:43:40":3,"s:44:2:44:Infinity":10,"f:47:16:47:41":4,"s:48:2:48:Infinity":11,"s:49:2:49:Infinity":12,"s:50:2:50:Infinity":13,"f:53:9:53:35":5,"s:54:15:54:Infinity":14,"b:55:2:55:Infinity:undefined:undefined:undefined:undefined":4,"s:55:2:55:Infinity":15,"s:55:13:55:Infinity":16,"b:57:2:64:Infinity:undefined:undefined:undefined:undefined":5,"s:57:2:64:Infinity":17,"s:58:4:59:Infinity":18,"s:63:4:63:Infinity":19,"s:66:2:81:Infinity":20,"f:69:9:69:10":6,"s:70:22:70:Infinity":21,"s:71:19:71:Infinity":22,"s:72:24:72:Infinity":23,"s:73:6:77:Infinity":24,"f:84:9:84:29":7,"s:85:16:85:Infinity":25,"b:86:2:89:Infinity:undefined:undefined:undefined:undefined":6,"s:86:2:89:Infinity":26,"s:87:4:87:Infinity":27,"b:87:45:87:70:87:70:87:Infinity":7,"s:88:4:88:Infinity":28,"b:88:47:88:52:88:52:88:Infinity":8,"s:90:22:90:Infinity":29,"b:91:2:94:Infinity:undefined:undefined:undefined:undefined":9,"s:91:2:94:Infinity":30,"s:92:4:92:Infinity":31,"b:92:51:92:76:92:76:92:Infinity":10,"s:93:4:93:Infinity":32,"b:93:53:93:58:93:58:93:Infinity":11,"f:97:9:97:20":8,"s:98:12:98:Infinity":33,"s:99:12:99:Infinity":34,"s:100:12:100:Infinity":35,"s:101:2:101:Infinity":36,"f:104:9:104:18":9,"b:106:4:110:Infinity:111:4:115:Infinity:116:4:120:Infinity:121:4:125:Infinity":12,"s:105:2:126:Infinity":37,"s:107:6:110:Infinity":38,"s:112:6:115:Infinity":39,"s:117:6:120:Infinity":40,"s:122:6:125:Infinity":41}}}
,"C:\\Users\\Burnt\\Documents\\GitHub\\S3-Sidekick\\src\\bookmarks.ts": {"path":"C:\\Users\\Burnt\\Documents\\GitHub\\S3-Sidekick\\src\\bookmarks.ts","statementMap":{"0":{"start":{"line":12,"column":28},"end":{"line":12,"column":null}},"1":{"start":{"line":13,"column":36},"end":{"line":13,"column":null}},"2":{"start":{"line":14,"column":44},"end":{"line":14,"column":null}},"3":{"start":{"line":17,"column":2},"end":{"line":17,"column":null}},"4":{"start":{"line":21,"column":2},"end":{"line":21,"column":null}},"5":{"start":{"line":25,"column":2},"end":{"line":25,"column":null}},"6":{"start":{"line":25,"column":51},"end":{"line":25,"column":null}},"7":{"start":{"line":26,"column":14},"end":{"line":26,"column":null}},"8":{"start":{"line":27,"column":2},"end":{"line":32,"column":null}},"9":{"start":{"line":37,"column":2},"end":{"line":49,"column":null}},"10":{"start":{"line":38,"column":19},"end":{"line":38,"column":null}},"11":{"start":{"line":39,"column":4},"end":{"line":45,"column":null}},"12":{"start":{"line":44,"column":6},"end":{"line":44,"column":null}},"13":{"start":{"line":46,"column":4},"end":{"line":46,"column":null}},"14":{"start":{"line":48,"column":4},"end":{"line":48,"column":null}},"15":{"start":{"line":56,"column":2},"end":{"line":58,"column":null}},"16":{"start":{"line":57,"column":4},"end":{"line":57,"column":null}},"17":{"start":{"line":59,"column":14},"end":{"line":59,"column":null}},"18":{"start":{"line":60,"column":2},"end":{"line":62,"column":null}},"19":{"start":{"line":61,"column":4},"end":{"line":61,"column":null}},"20":{"start":{"line":63,"column":2},"end":{"line":65,"column":null}},"21":{"start":{"line":64,"column":4},"end":{"line":64,"column":null}},"22":{"start":{"line":66,"column":2},"end":{"line":66,"column":null}},"23":{"start":{"line":70,"column":12},"end":{"line":70,"column":null}},"24":{"start":{"line":71,"column":2},"end":{"line":75,"column":null}},"25":{"start":{"line":72,"column":4},"end":{"line":72,"column":null}},"26":{"start":{"line":74,"column":4},"end":{"line":74,"column":null}},"27":{"start":{"line":76,"column":24},"end":{"line":76,"column":null}},"28":{"start":{"line":77,"column":2},"end":{"line":81,"column":null}},"29":{"start":{"line":78,"column":4},"end":{"line":78,"column":null}},"30":{"start":{"line":80,"column":4},"end":{"line":80,"column":null}},"31":{"start":{"line":82,"column":2},"end":{"line":84,"column":null}},"32":{"start":{"line":83,"column":4},"end":{"line":83,"column":null}},"33":{"start":{"line":85,"column":2},"end":{"line":85,"column":null}},"34":{"start":{"line":89,"column":2},"end":{"line":95,"column":null}},"35":{"start":{"line":90,"column":4},"end":{"line":92,"column":null}},"36":{"start":{"line":94,"column":4},"end":{"line":94,"column":null}},"37":{"start":{"line":102,"column":2},"end":{"line":102,"column":null}},"38":{"start":{"line":103,"column":2},"end":{"line":103,"column":null}},"39":{"start":{"line":107,"column":12},"end":{"line":107,"column":null}},"40":{"start":{"line":108,"column":2},"end":{"line":114,"column":null}},"41":{"start":{"line":109,"column":4},"end":{"line":109,"column":null}},"42":{"start":{"line":111,"column":19},"end":{"line":111,"column":null}},"43":{"start":{"line":112,"column":4},"end":{"line":112,"column":null}},"44":{"start":{"line":113,"column":4},"end":{"line":113,"column":null}},"45":{"start":{"line":115,"column":17},"end":{"line":115,"column":null}},"46":{"start":{"line":116,"column":2},"end":{"line":123,"column":null}},"47":{"start":{"line":117,"column":20},"end":{"line":117,"column":null}},"48":{"start":{"line":118,"column":4},"end":{"line":122,"column":null}},"49":{"start":{"line":119,"column":6},"end":{"line":119,"column":null}},"50":{"start":{"line":120,"column":6},"end":{"line":120,"column":null}},"51":{"start":{"line":121,"column":6},"end":{"line":121,"column":null}},"52":{"start":{"line":124,"column":17},"end":{"line":124,"column":null}},"53":{"start":{"line":125,"column":2},"end":{"line":133,"column":null}},"54":{"start":{"line":126,"column":4},"end":{"line":126,"column":null}},"55":{"start":{"line":127,"column":4},"end":{"line":131,"column":null}},"56":{"start":{"line":128,"column":6},"end":{"line":130,"column":null}},"57":{"start":{"line":129,"column":8},"end":{"line":129,"column":null}},"58":{"start":{"line":132,"column":4},"end":{"line":132,"column":null}},"59":{"start":{"line":134,"column":2},"end":{"line":134,"column":null}},"60":{"start":{"line":138,"column":2},"end":{"line":144,"column":null}},"61":{"start":{"line":139,"column":16},"end":{"line":139,"column":null}},"62":{"start":{"line":140,"column":19},"end":{"line":140,"column":null}},"63":{"start":{"line":141,"column":4},"end":{"line":141,"column":null}},"64":{"start":{"line":142,"column":4},"end":{"line":142,"column":null}},"65":{"start":{"line":143,"column":4},"end":{"line":143,"column":null}},"66":{"start":{"line":145,"column":2},"end":{"line":145,"column":null}},"67":{"start":{"line":149,"column":17},"end":{"line":152,"column":null}},"68":{"start":{"line":151,"column":6},"end":{"line":151,"column":null}},"69":{"start":{"line":153,"column":2},"end":{"line":153,"column":null}},"70":{"start":{"line":153,"column":14},"end":{"line":153,"column":null}},"71":{"start":{"line":154,"column":2},"end":{"line":154,"column":null}},"72":{"start":{"line":155,"column":2},"end":{"line":155,"column":null}},"73":{"start":{"line":156,"column":2},"end":{"line":156,"column":null}},"74":{"start":{"line":157,"column":2},"end":{"line":157,"column":null}},"75":{"start":{"line":161,"column":2},"end":{"line":161,"column":null}},"76":{"start":{"line":161,"column":46},"end":{"line":161,"column":null}},"77":{"start":{"line":162,"column":2},"end":{"line":162,"column":null}},"78":{"start":{"line":163,"column":2},"end":{"line":163,"column":null}},"79":{"start":{"line":164,"column":2},"end":{"line":164,"column":null}},"80":{"start":{"line":171,"column":2},"end":{"line":171,"column":null}},"81":{"start":{"line":172,"column":2},"end":{"line":172,"column":null}},"82":{"start":{"line":172,"column":30},"end":{"line":172,"column":null}},"83":{"start":{"line":174,"column":2},"end":{"line":185,"column":null}},"84":{"start":{"line":174,"column":15},"end":{"line":174,"column":18}},"85":{"start":{"line":175,"column":14},"end":{"line":175,"column":null}},"86":{"start":{"line":176,"column":17},"end":{"line":176,"column":null}},"87":{"start":{"line":177,"column":4},"end":{"line":177,"column":null}},"88":{"start":{"line":178,"column":4},"end":{"line":178,"column":null}},"89":{"start":{"line":179,"column":25},"end":{"line":181,"column":null}},"90":{"start":{"line":182,"column":4},"end":{"line":182,"column":null}},"91":{"start":{"line":183,"column":4},"end":{"line":183,"column":null}},"92":{"start":{"line":183,"column":41},"end":{"line":183,"column":52}},"93":{"start":{"line":184,"column":4},"end":{"line":184,"column":null}},"94":{"start":{"line":189,"column":2},"end":{"line":189,"column":null}},"95":{"start":{"line":196,"column":2},"end":{"line":200,"column":null}},"96":{"start":{"line":197,"column":4},"end":{"line":197,"column":null}},"97":{"start":{"line":199,"column":4},"end":{"line":199,"column":null}},"98":{"start":{"line":202,"column":2},"end":{"line":204,"column":null}},"99":{"start":{"line":203,"column":4},"end":{"line":203,"column":null}},"100":{"start":{"line":206,"column":16},"end":{"line":206,"column":null}},"101":{"start":{"line":207,"column":2},"end":{"line":209,"column":null}},"102":{"start":{"line":208,"column":4},"end":{"line":208,"column":null}},"103":{"start":{"line":211,"column":17},"end":{"line":211,"column":null}},"104":{"start":{"line":212,"column":16},"end":{"line":212,"column":null}},"105":{"start":{"line":213,"column":2},"end":{"line":225,"column":null}},"106":{"start":{"line":214,"column":19},"end":{"line":218,"column":null}},"107":{"start":{"line":216,"column":8},"end":{"line":217,"column":null}},"108":{"start":{"line":219,"column":4},"end":{"line":224,"column":null}},"109":{"start":{"line":220,"column":6},"end":{"line":220,"column":null}},"110":{"start":{"line":222,"column":6},"end":{"line":222,"column":null}},"111":{"start":{"line":223,"column":6},"end":{"line":223,"column":null}},"112":{"start":{"line":227,"column":2},"end":{"line":230,"column":null}},"113":{"start":{"line":228,"column":4},"end":{"line":228,"column":null}},"114":{"start":{"line":229,"column":4},"end":{"line":229,"column":null}},"115":{"start":{"line":232,"column":2},"end":{"line":232,"column":null}},"116":{"start":{"line":240,"column":2},"end":{"line":243,"column":null}},"117":{"start":{"line":241,"column":4},"end":{"line":241,"column":null}},"118":{"start":{"line":242,"column":4},"end":{"line":242,"column":null}},"119":{"start":{"line":245,"column":2},"end":{"line":256,"column":null}},"120":{"start":{"line":247,"column":25},"end":{"line":247,"column":null}},"121":{"start":{"line":248,"column":6},"end":{"line":253,"column":null}},"122":{"start":{"line":258,"column":2},"end":{"line":279,"column":null}},"123":{"start":{"line":259,"column":23},"end":{"line":261,"column":null}},"124":{"start":{"line":262,"column":4},"end":{"line":269,"column":null}},"125":{"start":{"line":263,"column":6},"end":{"line":263,"column":null}},"126":{"start":{"line":264,"column":18},"end":{"line":264,"column":null}},"127":{"start":{"line":265,"column":6},"end":{"line":267,"column":null}},"128":{"start":{"line":266,"column":8},"end":{"line":266,"column":null}},"129":{"start":{"line":268,"column":6},"end":{"line":268,"column":null}},"130":{"start":{"line":270,"column":18},"end":{"line":272,"column":null}},"131":{"start":{"line":273,"column":4},"end":{"line":278,"column":null}},"132":{"start":{"line":274,"column":18},"end":{"line":274,"column":null}},"133":{"start":{"line":275,"column":6},"end":{"line":277,"column":null}},"134":{"start":{"line":276,"column":8},"end":{"line":276,"column":null}}},"fnMap":{"0":{"name":"setBookmarkChangeHandler","decl":{"start":{"line":16,"column":16},"end":{"line":16,"column":41}},"loc":{"start":{"line":16,"column":68},"end":{"line":18,"column":null}},"line":16},"1":{"name":"getBookmarks","decl":{"start":{"line":20,"column":16},"end":{"line":20,"column":43}},"loc":{"start":{"line":20,"column":43},"end":{"line":22,"column":null}},"line":20},"2":{"name":"isBookmark","decl":{"start":{"line":24,"column":9},"end":{"line":24,"column":20}},"loc":{"start":{"line":24,"column":55},"end":{"line":34,"column":null}},"line":24},"3":{"name":"parseJsonObject","decl":{"start":{"line":36,"column":9},"end":{"line":36,"column":25}},"loc":{"start":{"line":36,"column":70},"end":{"line":50,"column":null}},"line":36},"4":{"name":"readBookmarksField","decl":{"start":{"line":52,"column":9},"end":{"line":52,"column":28}},"loc":{"start":{"line":55,"column":2},"end":{"line":67,"column":null}},"line":55},"5":{"name":"loadBackupBookmarks","decl":{"start":{"line":69,"column":15},"end":{"line":69,"column":65}},"loc":{"start":{"line":69,"column":65},"end":{"line":86,"column":null}},"line":69},"6":{"name":"saveBookmarksBackupSafe","decl":{"start":{"line":88,"column":15},"end":{"line":88,"column":39}},"loc":{"start":{"line":88,"column":72},"end":{"line":96,"column":null}},"line":88},"7":{"name":"repairSettingsBookmarks","decl":{"start":{"line":98,"column":15},"end":{"line":98,"column":null}},"loc":{"start":{"line":101,"column":17},"end":{"line":104,"column":null}},"line":101},"8":{"name":"loadBookmarks","decl":{"start":{"line":106,"column":22},"end":{"line":106,"column":53}},"loc":{"start":{"line":106,"column":53},"end":{"line":135,"column":null}},"line":106},"9":{"name":"persistBookmarks","decl":{"start":{"line":137,"column":15},"end":{"line":137,"column":49}},"loc":{"start":{"line":137,"column":49},"end":{"line":146,"column":null}},"line":137},"10":{"name":"(anonymous_10)","decl":{"start":{"line":138,"column":39},"end":{"line":138,"column":51}},"loc":{"start":{"line":138,"column":51},"end":{"line":144,"column":3}},"line":138},"11":{"name":"addBookmark","decl":{"start":{"line":148,"column":22},"end":{"line":148,"column":34}},"loc":{"start":{"line":148,"column":72},"end":{"line":158,"column":null}},"line":148},"12":{"name":"(anonymous_12)","decl":{"start":{"line":150,"column":4},"end":{"line":150,"column":5}},"loc":{"start":{"line":151,"column":6},"end":{"line":151,"column":null}},"line":151},"13":{"name":"removeBookmark","decl":{"start":{"line":160,"column":22},"end":{"line":160,"column":37}},"loc":{"start":{"line":160,"column":67},"end":{"line":165,"column":null}},"line":160},"14":{"name":"renderBookmarkBar","decl":{"start":{"line":167,"column":16},"end":{"line":167,"column":null}},"loc":{"start":{"line":170,"column":8},"end":{"line":186,"column":null}},"line":170},"15":{"name":"(anonymous_15)","decl":{"start":{"line":183,"column":35},"end":{"line":183,"column":41}},"loc":{"start":{"line":183,"column":41},"end":{"line":183,"column":52}},"line":183},"16":{"name":"exportBookmarksJson","decl":{"start":{"line":188,"column":16},"end":{"line":188,"column":46}},"loc":{"start":{"line":188,"column":46},"end":{"line":190,"column":null}},"line":188},"17":{"name":"importBookmarksJson","decl":{"start":{"line":192,"column":22},"end":{"line":192,"column":null}},"loc":{"start":{"line":194,"column":66},"end":{"line":233,"column":null}},"line":194},"18":{"name":"(anonymous_18)","decl":{"start":{"line":215,"column":6},"end":{"line":215,"column":7}},"loc":{"start":{"line":216,"column":8},"end":{"line":217,"column":null}},"line":216},"19":{"name":"renderBookmarkList","decl":{"start":{"line":235,"column":16},"end":{"line":235,"column":null}},"loc":{"start":{"line":239,"column":8},"end":{"line":280,"column":null}},"line":239},"20":{"name":"(anonymous_20)","decl":{"start":{"line":246,"column":9},"end":{"line":246,"column":10}},"loc":{"start":{"line":246,"column":19},"end":{"line":255,"column":5}},"line":246},"21":{"name":"(anonymous_21)","decl":{"start":{"line":258,"column":19},"end":{"line":258,"column":20}},"loc":{"start":{"line":258,"column":26},"end":{"line":279,"column":null}},"line":258}},"branchMap":{"0":{"loc":{"start":{"line":25,"column":2},"end":{"line":25,"column":null}},"type":"if","locations":[{"start":{"line":25,"column":2},"end":{"line":25,"column":null}},{"start":{},"end":{}}],"line":25},"1":{"loc":{"start":{"line":25,"column":6},"end":{"line":25,"column":51}},"type":"binary-expr","locations":[{"start":{"line":25,"column":6},"end":{"line":25,"column":35}},{"start":{"line":25,"column":35},"end":{"line":25,"column":51}}],"line":25},"2":{"loc":{"start":{"line":28,"column":4},"end":{"line":32,"column":null}},"type":"binary-expr","locations":[{"start":{"line":28,"column":4},"end":{"line":28,"column":null}},{"start":{"line":29,"column":4},"end":{"line":29,"column":null}},{"start":{"line":30,"column":4},"end":{"line":30,"column":null}},{"start":{"line":31,"column":4},"end":{"line":31,"column":null}},{"start":{"line":32,"column":4},"end":{"line":32,"column":null}}],"line":28},"3":{"loc":{"start":{"line":39,"column":4},"end":{"line":45,"column":null}},"type":"if","locations":[{"start":{"line":39,"column":4},"end":{"line":45,"column":null}},{"start":{},"end":{}}],"line":39},"4":{"loc":{"start":{"line":40,"column":6},"end":{"line":42,"column":null}},"type":"binary-expr","locations":[{"start":{"line":40,"column":6},"end":{"line":40,"column":null}},{"start":{"line":41,"column":6},"end":{"line":41,"column":null}},{"start":{"line":42,"column":6},"end":{"line":42,"column":null}}],"line":40},"5":{"loc":{"start":{"line":56,"column":2},"end":{"line":58,"column":null}},"type":"if","locations":[{"start":{"line":56,"column":2},"end":{"line":58,"column":null}},{"start":{},"end":{}}],"line":56},"6":{"loc":{"start":{"line":60,"column":2},"end":{"line":62,"column":null}},"type":"if","locations":[{"start":{"line":60,"column":2},"end":{"line":62,"column":null}},{"start":{},"end":{}}],"line":60},"7":{"loc":{"start":{"line":63,"column":2},"end":{"line":65,"column":null}},"type":"if","locations":[{"start":{"line":63,"column":2},"end":{"line":65,"column":null}},{"start":{},"end":{}}],"line":63},"8":{"loc":{"start":{"line":82,"column":2},"end":{"line":84,"column":null}},"type":"if","locations":[{"start":{"line":82,"column":2},"end":{"line":84,"column":null}},{"start":{},"end":{}}],"line":82},"9":{"loc":{"start":{"line":82,"column":6},"end":{"line":82,"column":59}},"type":"binary-expr","locations":[{"start":{"line":82,"column":6},"end":{"line":82,"column":32}},{"start":{"line":82,"column":32},"end":{"line":82,"column":59}}],"line":82},"10":{"loc":{"start":{"line":112,"column":16},"end":{"line":112,"column":null}},"type":"binary-expr","locations":[{"start":{"line":112,"column":16},"end":{"line":112,"column":26}},{"start":{"line":112,"column":26},"end":{"line":112,"column":null}}],"line":112},"11":{"loc":{"start":{"line":116,"column":2},"end":{"line":123,"column":null}},"type":"if","locations":[{"start":{"line":116,"column":2},"end":{"line":123,"column":null}},{"start":{},"end":{}}],"line":116},"12":{"loc":{"start":{"line":118,"column":4},"end":{"line":122,"column":null}},"type":"if","locations":[{"start":{"line":118,"column":4},"end":{"line":122,"column":null}},{"start":{},"end":{}}],"line":118},"13":{"loc":{"start":{"line":125,"column":2},"end":{"line":133,"column":null}},"type":"if","locations":[{"start":{"line":125,"column":2},"end":{"line":133,"column":null}},{"start":{},"end":{}}],"line":125},"14":{"loc":{"start":{"line":127,"column":4},"end":{"line":131,"column":null}},"type":"if","locations":[{"start":{"line":127,"column":4},"end":{"line":131,"column":null}},{"start":{},"end":{}}],"line":127},"15":{"loc":{"start":{"line":140,"column":19},"end":{"line":140,"column":null}},"type":"binary-expr","locations":[{"start":{"line":140,"column":19},"end":{"line":140,"column":43}},{"start":{"line":140,"column":43},"end":{"line":140,"column":null}}],"line":140},"16":{"loc":{"start":{"line":151,"column":6},"end":{"line":151,"column":null}},"type":"binary-expr","locations":[{"start":{"line":151,"column":6},"end":{"line":151,"column":42}},{"start":{"line":151,"column":42},"end":{"line":151,"column":null}}],"line":151},"17":{"loc":{"start":{"line":153,"column":2},"end":{"line":153,"column":null}},"type":"if","locations":[{"start":{"line":153,"column":2},"end":{"line":153,"column":null}},{"start":{},"end":{}}],"line":153},"18":{"loc":{"start":{"line":161,"column":2},"end":{"line":161,"column":null}},"type":"if","locations":[{"start":{"line":161,"column":2},"end":{"line":161,"column":null}},{"start":{},"end":{}}],"line":161},"19":{"loc":{"start":{"line":161,"column":6},"end":{"line":161,"column":46}},"type":"binary-expr","locations":[{"start":{"line":161,"column":6},"end":{"line":161,"column":19}},{"start":{"line":161,"column":19},"end":{"line":161,"column":46}}],"line":161},"20":{"loc":{"start":{"line":172,"column":2},"end":{"line":172,"column":null}},"type":"if","locations":[{"start":{"line":172,"column":2},"end":{"line":172,"column":null}},{"start":{},"end":{}}],"line":172},"21":{"loc":{"start":{"line":179,"column":25},"end":{"line":181,"column":null}},"type":"cond-expr","locations":[{"start":{"line":180,"column":8},"end":{"line":180,"column":null}},{"start":{"line":181,"column":8},"end":{"line":181,"column":null}}],"line":179},"22":{"loc":{"start":{"line":202,"column":2},"end":{"line":204,"column":null}},"type":"if","locations":[{"start":{"line":202,"column":2},"end":{"line":204,"column":null}},{"start":{},"end":{}}],"line":202},"23":{"loc":{"start":{"line":207,"column":2},"end":{"line":209,"column":null}},"type":"if","locations":[{"start":{"line":207,"column":2},"end":{"line":209,"column":null}},{"start":{},"end":{}}],"line":207},"24":{"loc":{"start":{"line":216,"column":8},"end":{"line":217,"column":null}},"type":"binary-expr","locations":[{"start":{"line":216,"column":8},"end":{"line":216,"column":null}},{"start":{"line":217,"column":8},"end":{"line":217,"column":null}}],"line":216},"25":{"loc":{"start":{"line":219,"column":4},"end":{"line":224,"column":null}},"type":"if","locations":[{"start":{"line":219,"column":4},"end":{"line":224,"column":null}},{"start":{"line":221,"column":11},"end":{"line":224,"column":null}}],"line":219},"26":{"loc":{"start":{"line":227,"column":2},"end":{"line":230,"column":null}},"type":"if","locations":[{"start":{"line":227,"column":2},"end":{"line":230,"column":null}},{"start":{},"end":{}}],"line":227},"27":{"loc":{"start":{"line":240,"column":2},"end":{"line":243,"column":null}},"type":"if","locations":[{"start":{"line":240,"column":2},"end":{"line":243,"column":null}},{"start":{},"end":{}}],"line":240},"28":{"loc":{"start":{"line":247,"column":25},"end":{"line":247,"column":null}},"type":"cond-expr","locations":[{"start":{"line":247,"column":36},"end":{"line":247,"column":67}},{"start":{"line":247,"column":67},"end":{"line":247,"column":null}}],"line":247},"29":{"loc":{"start":{"line":262,"column":4},"end":{"line":269,"column":null}},"type":"if","locations":[{"start":{"line":262,"column":4},"end":{"line":269,"column":null}},{"start":{},"end":{}}],"line":262},"30":{"loc":{"start":{"line":265,"column":6},"end":{"line":267,"column":null}},"type":"if","locations":[{"start":{"line":265,"column":6},"end":{"line":267,"column":null}},{"start":{},"end":{}}],"line":265},"31":{"loc":{"start":{"line":265,"column":10},"end":{"line":265,"column":71}},"type":"binary-expr","locations":[{"start":{"line":265,"column":10},"end":{"line":265,"column":35}},{"start":{"line":265,"column":35},"end":{"line":265,"column":47}},{"start":{"line":265,"column":47},"end":{"line":265,"column":71}}],"line":265},"32":{"loc":{"start":{"line":273,"column":4},"end":{"line":278,"column":null}},"type":"if","locations":[{"start":{"line":273,"column":4},"end":{"line":278,"column":null}},{"start":{},"end":{}}],"line":273},"33":{"loc":{"start":{"line":275,"column":6},"end":{"line":277,"column":null}},"type":"if","locations":[{"start":{"line":275,"column":6},"end":{"line":277,"column":null}},{"start":{},"end":{}}],"line":275},"34":{"loc":{"start":{"line":275,"column":10},"end":{"line":275,"column":71}},"type":"binary-expr","locations":[{"start":{"line":275,"column":10},"end":{"line":275,"column":35}},{"start":{"line":275,"column":35},"end":{"line":275,"column":47}},{"start":{"line":275,"column":47},"end":{"line":275,"column":71}}],"line":275}},"s":{"0":22,"1":22,"2":22,"3":3,"4":7,"5":24,"6":0,"7":24,"8":24,"9":25,"10":25,"11":25,"12":1,"13":23,"14":1,"15":17,"16":1,"17":16,"18":16,"19":1,"20":15,"21":0,"22":15,"23":5,"24":5,"25":5,"26":0,"27":5,"28":5,"29":5,"30":0,"31":5,"32":2,"33":3,"34":22,"35":22,"36":0,"37":1,"38":1,"39":21,"40":21,"41":21,"42":2,"43":2,"44":2,"45":19,"46":19,"47":17,"48":17,"49":16,"50":16,"51":16,"52":3,"53":3,"54":2,"55":2,"56":1,"57":1,"58":2,"59":1,"60":6,"61":6,"62":6,"63":6,"64":6,"65":6,"66":6,"67":4,"68":1,"69":4,"70":1,"71":3,"72":3,"73":3,"74":4,"75":4,"76":2,"77":2,"78":2,"79":2,"80":6,"81":6,"82":1,"83":5,"84":5,"85":8,"86":8,"87":8,"88":8,"89":8,"90":8,"91":8,"92":1,"93":8,"94":1,"95":5,"96":5,"97":1,"98":4,"99":1,"100":3,"101":3,"102":1,"103":2,"104":2,"105":2,"106":3,"107":3,"108":3,"109":2,"110":1,"111":1,"112":2,"113":1,"114":1,"115":2,"116":4,"117":1,"118":1,"119":3,"120":4,"121":4,"122":3,"123":6,"124":6,"125":3,"126":3,"127":3,"128":1,"129":3,"130":3,"131":3,"132":2,"133":2,"134":1},"f":{"0":3,"1":7,"2":24,"3":25,"4":17,"5":5,"6":22,"7":1,"8":21,"9":6,"10":6,"11":4,"12":1,"13":4,"14":6,"15":1,"16":1,"17":5,"18":3,"19":4,"20":4,"21":6},"b":{"0":[0,24],"1":[24,24],"2":[24,22,22,22,22],"3":[1,24],"4":[25,24,24],"5":[1,16],"6":[1,15],"7":[0,15],"8":[2,3],"9":[5,3],"10":[2,1],"11":[17,2],"12":[16,1],"13":[2,1],"14":[1,1],"15":[6,0],"16":[1,1],"17":[1,3],"18":[2,2],"19":[4,3],"20":[1,5],"21":[7,1],"22":[1,3],"23":[1,2],"24":[3,2],"25":[2,1],"26":[1,1],"27":[1,3],"28":[3,1],"29":[3,3],"30":[1,2],"31":[3,2,1],"32":[2,1],"33":[1,1],"34":[2,2,2]},"meta":{"lastBranch":35,"lastFunction":22,"lastStatement":135,"seen":{"s:12:28:12:Infinity":0,"s:13:36:13:Infinity":1,"s:14:44:14:Infinity":2,"f:16:16:16:41":0,"s:17:2:17:Infinity":3,"f:20:16:20:43":1,"s:21:2:21:Infinity":4,"f:24:9:24:20":2,"b:25:2:25:Infinity:undefined:undefined:undefined:undefined":0,"s:25:2:25:Infinity":5,"b:25:6:25:35:25:35:25:51":1,"s:25:51:25:Infinity":6,"s:26:14:26:Infinity":7,"s:27:2:32:Infinity":8,"b:28:4:28:Infinity:29:4:29:Infinity:30:4:30:Infinity:31:4:31:Infinity:32:4:32:Infinity":2,"f:36:9:36:25":3,"s:37:2:49:Infinity":9,"s:38:19:38:Infinity":10,"b:39:4:45:Infinity:undefined:undefined:undefined:undefined":3,"s:39:4:45:Infinity":11,"b:40:6:40:Infinity:41:6:41:Infinity:42:6:42:Infinity":4,"s:44:6:44:Infinity":12,"s:46:4:46:Infinity":13,"s:48:4:48:Infinity":14,"f:52:9:52:28":4,"b:56:2:58:Infinity:undefined:undefined:undefined:undefined":5,"s:56:2:58:Infinity":15,"s:57:4:57:Infinity":16,"s:59:14:59:Infinity":17,"b:60:2:62:Infinity:undefined:undefined:undefined:undefined":6,"s:60:2:62:Infinity":18,"s:61:4:61:Infinity":19,"b:63:2:65:Infinity:undefined:undefined:undefined:undefined":7,"s:63:2:65:Infinity":20,"s:64:4:64:Infinity":21,"s:66:2:66:Infinity":22,"f:69:15:69:65":5,"s:70:12:70:Infinity":23,"s:71:2:75:Infinity":24,"s:72:4:72:Infinity":25,"s:74:4:74:Infinity":26,"s:76:24:76:Infinity":27,"s:77:2:81:Infinity":28,"s:78:4:78:Infinity":29,"s:80:4:80:Infinity":30,"b:82:2:84:Infinity:undefined:undefined:undefined:undefined":8,"s:82:2:84:Infinity":31,"b:82:6:82:32:82:32:82:59":9,"s:83:4:83:Infinity":32,"s:85:2:85:Infinity":33,"f:88:15:88:39":6,"s:89:2:95:Infinity":34,"s:90:4:92:Infinity":35,"s:94:4:94:Infinity":36,"f:98:15:98:Infinity":7,"s:102:2:102:Infinity":37,"s:103:2:103:Infinity":38,"f:106:22:106:53":8,"s:107:12:107:Infinity":39,"s:108:2:114:Infinity":40,"s:109:4:109:Infinity":41,"s:111:19:111:Infinity":42,"s:112:4:112:Infinity":43,"b:112:16:112:26:112:26:112:Infinity":10,"s:113:4:113:Infinity":44,"s:115:17:115:Infinity":45,"b:116:2:123:Infinity:undefined:undefined:undefined:undefined":11,"s:116:2:123:Infinity":46,"s:117:20:117:Infinity":47,"b:118:4:122:Infinity:undefined:undefined:undefined:undefined":12,"s:118:4:122:Infinity":48,"s:119:6:119:Infinity":49,"s:120:6:120:Infinity":50,"s:121:6:121:Infinity":51,"s:124:17:124:Infinity":52,"b:125:2:133:Infinity:undefined:undefined:undefined:undefined":13,"s:125:2:133:Infinity":53,"s:126:4:126:Infinity":54,"b:127:4:131:Infinity:undefined:undefined:undefined:undefined":14,"s:127:4:131:Infinity":55,"s:128:6:130:Infinity":56,"s:129:8:129:Infinity":57,"s:132:4:132:Infinity":58,"s:134:2:134:Infinity":59,"f:137:15:137:49":9,"s:138:2:144:Infinity":60,"f:138:39:138:51":10,"s:139:16:139:Infinity":61,"s:140:19:140:Infinity":62,"b:140:19:140:43:140:43:140:Infinity":15,"s:141:4:141:Infinity":63,"s:142:4:142:Infinity":64,"s:143:4:143:Infinity":65,"s:145:2:145:Infinity":66,"f:148:22:148:34":11,"s:149:17:152:Infinity":67,"f:150:4:150:5":12,"s:151:6:151:Infinity":68,"b:151:6:151:42:151:42:151:Infinity":16,"b:153:2:153:Infinity:undefined:undefined:undefined:undefined":17,"s:153:2:153:Infinity":69,"s:153:14:153:Infinity":70,"s:154:2:154:Infinity":71,"s:155:2:155:Infinity":72,"s:156:2:156:Infinity":73,"s:157:2:157:Infinity":74,"f:160:22:160:37":13,"b:161:2:161:Infinity:undefined:undefined:undefined:undefined":18,"s:161:2:161:Infinity":75,"b:161:6:161:19:161:19:161:46":19,"s:161:46:161:Infinity":76,"s:162:2:162:Infinity":77,"s:163:2:163:Infinity":78,"s:164:2:164:Infinity":79,"f:167:16:167:Infinity":14,"s:171:2:171:Infinity":80,"b:172:2:172:Infinity:undefined:undefined:undefined:undefined":20,"s:172:2:172:Infinity":81,"s:172:30:172:Infinity":82,"s:174:2:185:Infinity":83,"s:174:15:174:18":84,"s:175:14:175:Infinity":85,"s:176:17:176:Infinity":86,"s:177:4:177:Infinity":87,"s:178:4:178:Infinity":88,"s:179:25:181:Infinity":89,"b:180:8:180:Infinity:181:8:181:Infinity":21,"s:182:4:182:Infinity":90,"s:183:4:183:Infinity":91,"f:183:35:183:41":15,"s:183:41:183:52":92,"s:184:4:184:Infinity":93,"f:188:16:188:46":16,"s:189:2:189:Infinity":94,"f:192:22:192:Infinity":17,"s:196:2:200:Infinity":95,"s:197:4:197:Infinity":96,"s:199:4:199:Infinity":97,"b:202:2:204:Infinity:undefined:undefined:undefined:undefined":22,"s:202:2:204:Infinity":98,"s:203:4:203:Infinity":99,"s:206:16:206:Infinity":100,"b:207:2:209:Infinity:undefined:undefined:undefined:undefined":23,"s:207:2:209:Infinity":101,"s:208:4:208:Infinity":102,"s:211:17:211:Infinity":103,"s:212:16:212:Infinity":104,"s:213:2:225:Infinity":105,"s:214:19:218:Infinity":106,"f:215:6:215:7":18,"s:216:8:217:Infinity":107,"b:216:8:216:Infinity:217:8:217:Infinity":24,"b:219:4:224:Infinity:221:11:224:Infinity":25,"s:219:4:224:Infinity":108,"s:220:6:220:Infinity":109,"s:222:6:222:Infinity":110,"s:223:6:223:Infinity":111,"b:227:2:230:Infinity:undefined:undefined:undefined:undefined":26,"s:227:2:230:Infinity":112,"s:228:4:228:Infinity":113,"s:229:4:229:Infinity":114,"s:232:2:232:Infinity":115,"f:235:16:235:Infinity":19,"b:240:2:243:Infinity:undefined:undefined:undefined:undefined":27,"s:240:2:243:Infinity":116,"s:241:4:241:Infinity":117,"s:242:4:242:Infinity":118,"s:245:2:256:Infinity":119,"f:246:9:246:10":20,"s:247:25:247:Infinity":120,"b:247:36:247:67:247:67:247:Infinity":28,"s:248:6:253:Infinity":121,"s:258:2:279:Infinity":122,"f:258:19:258:20":21,"s:259:23:261:Infinity":123,"b:262:4:269:Infinity:undefined:undefined:undefined:undefined":29,"s:262:4:269:Infinity":124,"s:263:6:263:Infinity":125,"s:264:18:264:Infinity":126,"b:265:6:267:Infinity:undefined:undefined:undefined:undefined":30,"s:265:6:267:Infinity":127,"b:265:10:265:35:265:35:265:47:265:47:265:71":31,"s:266:8:266:Infinity":128,"s:268:6:268:Infinity":129,"s:270:18:272:Infinity":130,"b:273:4:278:Infinity:undefined:undefined:undefined:undefined":32,"s:273:4:278:Infinity":131,"s:274:18:274:Infinity":132,"b:275:6:277:Infinity:undefined:undefined:undefined:undefined":33,"s:275:6:277:Infinity":133,"b:275:10:275:35:275:35:275:47:275:47:275:71":34,"s:276:8:276:Infinity":134}}}
,"C:\\Users\\Burnt\\Documents\\GitHub\\S3-Sidekick\\src\\bottom-drawer.ts": {"path":"C:\\Users\\Burnt\\Documents\\GitHub\\S3-Sidekick\\src\\bottom-drawer.ts","statementMap":{"0":{"start":{"line":5,"column":28},"end":{"line":5,"column":null}},"1":{"start":{"line":6,"column":16},"end":{"line":6,"column":null}},"2":{"start":{"line":7,"column":22},"end":{"line":10,"column":null}},"3":{"start":{"line":12,"column":2},"end":{"line":12,"column":null}},"4":{"start":{"line":14,"column":20},"end":{"line":14,"column":null}},"5":{"start":{"line":15,"column":19},"end":{"line":15,"column":null}},"6":{"start":{"line":16,"column":18},"end":{"line":16,"column":null}},"7":{"start":{"line":19,"column":17},"end":{"line":21,"column":null}},"8":{"start":{"line":22,"column":2},"end":{"line":22,"column":null}},"9":{"start":{"line":22,"column":15},"end":{"line":22,"column":null}},"10":{"start":{"line":24,"column":2},"end":{"line":24,"column":null}},"11":{"start":{"line":26,"column":2},"end":{"line":28,"column":null}},"12":{"start":{"line":27,"column":4},"end":{"line":27,"column":null}},"13":{"start":{"line":29,"column":2},"end":{"line":31,"column":null}},"14":{"start":{"line":30,"column":4},"end":{"line":30,"column":null}},"15":{"start":{"line":32,"column":2},"end":{"line":32,"column":null}},"16":{"start":{"line":33,"column":2},"end":{"line":33,"column":null}},"17":{"start":{"line":35,"column":17},"end":{"line":37,"column":null}},"18":{"start":{"line":38,"column":2},"end":{"line":41,"column":null}},"19":{"start":{"line":39,"column":4},"end":{"line":39,"column":null}},"20":{"start":{"line":40,"column":4},"end":{"line":40,"column":null}},"21":{"start":{"line":45,"column":17},"end":{"line":47,"column":null}},"22":{"start":{"line":48,"column":2},"end":{"line":48,"column":null}},"23":{"start":{"line":48,"column":15},"end":{"line":48,"column":null}},"24":{"start":{"line":50,"column":2},"end":{"line":50,"column":null}},"25":{"start":{"line":51,"column":2},"end":{"line":51,"column":null}},"26":{"start":{"line":52,"column":2},"end":{"line":52,"column":null}},"27":{"start":{"line":53,"column":2},"end":{"line":53,"column":null}},"28":{"start":{"line":54,"column":2},"end":{"line":54,"column":null}},"29":{"start":{"line":55,"column":2},"end":{"line":55,"column":null}},"30":{"start":{"line":59,"column":17},"end":{"line":61,"column":null}},"31":{"start":{"line":62,"column":2},"end":{"line":62,"column":null}},"32":{"start":{"line":62,"column":15},"end":{"line":62,"column":null}},"33":{"start":{"line":64,"column":2},"end":{"line":64,"column":null}},"34":{"start":{"line":65,"column":2},"end":{"line":65,"column":null}},"35":{"start":{"line":66,"column":2},"end":{"line":66,"column":null}},"36":{"start":{"line":67,"column":2},"end":{"line":67,"column":null}},"37":{"start":{"line":71,"column":17},"end":{"line":73,"column":null}},"38":{"start":{"line":74,"column":2},"end":{"line":74,"column":null}},"39":{"start":{"line":78,"column":2},"end":{"line":78,"column":null}},"40":{"start":{"line":82,"column":2},"end":{"line":86,"column":null}},"41":{"start":{"line":83,"column":4},"end":{"line":83,"column":null}},"42":{"start":{"line":85,"column":4},"end":{"line":85,"column":null}},"43":{"start":{"line":90,"column":17},"end":{"line":92,"column":null}},"44":{"start":{"line":93,"column":2},"end":{"line":93,"column":null}},"45":{"start":{"line":93,"column":15},"end":{"line":93,"column":null}},"46":{"start":{"line":95,"column":2},"end":{"line":95,"column":null}},"47":{"start":{"line":96,"column":2},"end":{"line":96,"column":null}},"48":{"start":{"line":100,"column":2},"end":{"line":100,"column":null}},"49":{"start":{"line":102,"column":8},"end":{"line":102,"column":null}},"50":{"start":{"line":103,"column":8},"end":{"line":103,"column":null}},"51":{"start":{"line":104,"column":8},"end":{"line":104,"column":null}},"52":{"start":{"line":105,"column":8},"end":{"line":105,"column":null}},"53":{"start":{"line":107,"column":21},"end":{"line":107,"column":null}},"54":{"start":{"line":109,"column":2},"end":{"line":109,"column":null}},"55":{"start":{"line":110,"column":2},"end":{"line":110,"column":null}},"56":{"start":{"line":111,"column":2},"end":{"line":111,"column":null}},"57":{"start":{"line":112,"column":2},"end":{"line":112,"column":null}},"58":{"start":{"line":113,"column":2},"end":{"line":113,"column":null}},"59":{"start":{"line":114,"column":2},"end":{"line":114,"column":null}},"60":{"start":{"line":116,"column":2},"end":{"line":116,"column":null}},"61":{"start":{"line":117,"column":2},"end":{"line":117,"column":null}},"62":{"start":{"line":119,"column":2},"end":{"line":119,"column":null}},"63":{"start":{"line":120,"column":2},"end":{"line":120,"column":null}},"64":{"start":{"line":124,"column":14},"end":{"line":126,"column":null}},"65":{"start":{"line":127,"column":2},"end":{"line":127,"column":null}},"66":{"start":{"line":127,"column":12},"end":{"line":127,"column":null}},"67":{"start":{"line":128,"column":2},"end":{"line":134,"column":null}},"68":{"start":{"line":129,"column":4},"end":{"line":129,"column":null}},"69":{"start":{"line":130,"column":4},"end":{"line":130,"column":null}},"70":{"start":{"line":132,"column":4},"end":{"line":132,"column":null}},"71":{"start":{"line":133,"column":4},"end":{"line":133,"column":null}},"72":{"start":{"line":138,"column":25},"end":{"line":140,"column":null}},"73":{"start":{"line":141,"column":25},"end":{"line":143,"column":null}},"74":{"start":{"line":144,"column":2},"end":{"line":148,"column":null}},"75":{"start":{"line":145,"column":4},"end":{"line":148,"column":null}},"76":{"start":{"line":149,"column":2},"end":{"line":153,"column":null}},"77":{"start":{"line":150,"column":4},"end":{"line":153,"column":null}},"78":{"start":{"line":157,"column":15},"end":{"line":157,"column":null}},"79":{"start":{"line":158,"column":20},"end":{"line":158,"column":null}},"80":{"start":{"line":159,"column":20},"end":{"line":159,"column":null}},"81":{"start":{"line":159,"column":26},"end":{"line":159,"column":null}},"82":{"start":{"line":161,"column":27},"end":{"line":166,"column":null}},"83":{"start":{"line":162,"column":4},"end":{"line":162,"column":null}},"84":{"start":{"line":163,"column":4},"end":{"line":163,"column":null}},"85":{"start":{"line":164,"column":4},"end":{"line":164,"column":null}},"86":{"start":{"line":165,"column":4},"end":{"line":165,"column":null}},"87":{"start":{"line":169,"column":18},"end":{"line":169,"column":null}},"88":{"start":{"line":170,"column":22},"end":{"line":173,"column":null}},"89":{"start":{"line":174,"column":4},"end":{"line":174,"column":null}},"90":{"start":{"line":175,"column":4},"end":{"line":175,"column":null}},"91":{"start":{"line":176,"column":4},"end":{"line":176,"column":null}},"92":{"start":{"line":180,"column":4},"end":{"line":180,"column":null}},"93":{"start":{"line":181,"column":4},"end":{"line":181,"column":null}},"94":{"start":{"line":182,"column":4},"end":{"line":182,"column":null}},"95":{"start":{"line":183,"column":4},"end":{"line":183,"column":null}},"96":{"start":{"line":184,"column":4},"end":{"line":184,"column":null}},"97":{"start":{"line":185,"column":4},"end":{"line":185,"column":null}},"98":{"start":{"line":188,"column":2},"end":{"line":196,"column":null}},"99":{"start":{"line":189,"column":4},"end":{"line":189,"column":null}},"100":{"start":{"line":190,"column":4},"end":{"line":190,"column":null}},"101":{"start":{"line":191,"column":4},"end":{"line":191,"column":null}},"102":{"start":{"line":192,"column":4},"end":{"line":192,"column":null}},"103":{"start":{"line":193,"column":4},"end":{"line":193,"column":null}},"104":{"start":{"line":194,"column":4},"end":{"line":194,"column":null}},"105":{"start":{"line":195,"column":4},"end":{"line":195,"column":null}},"106":{"start":{"line":198,"column":2},"end":{"line":218,"column":null}},"107":{"start":{"line":199,"column":17},"end":{"line":199,"column":null}},"108":{"start":{"line":200,"column":36},"end":{"line":200,"column":null}},"109":{"start":{"line":202,"column":4},"end":{"line":210,"column":null}},"110":{"start":{"line":203,"column":6},"end":{"line":203,"column":null}},"111":{"start":{"line":204,"column":4},"end":{"line":210,"column":null}},"112":{"start":{"line":205,"column":6},"end":{"line":205,"column":null}},"113":{"start":{"line":206,"column":4},"end":{"line":210,"column":null}},"114":{"start":{"line":207,"column":6},"end":{"line":207,"column":null}},"115":{"start":{"line":208,"column":4},"end":{"line":210,"column":null}},"116":{"start":{"line":209,"column":6},"end":{"line":209,"column":null}},"117":{"start":{"line":212,"column":4},"end":{"line":212,"column":null}},"118":{"start":{"line":212,"column":29},"end":{"line":212,"column":null}},"119":{"start":{"line":213,"column":4},"end":{"line":213,"column":null}},"120":{"start":{"line":214,"column":4},"end":{"line":214,"column":null}},"121":{"start":{"line":215,"column":4},"end":{"line":215,"column":null}},"122":{"start":{"line":216,"column":4},"end":{"line":216,"column":null}},"123":{"start":{"line":217,"column":4},"end":{"line":217,"column":null}},"124":{"start":{"line":220,"column":2},"end":{"line":220,"column":null}}},"fnMap":{"0":{"name":"initDrawer","decl":{"start":{"line":18,"column":16},"end":{"line":18,"column":35}},"loc":{"start":{"line":18,"column":35},"end":{"line":42,"column":null}},"line":18},"1":{"name":"(anonymous_1)","decl":{"start":{"line":26,"column":53},"end":{"line":26,"column":null}},"loc":{"start":{"line":27,"column":4},"end":{"line":27,"column":null}},"line":27},"2":{"name":"(anonymous_2)","decl":{"start":{"line":29,"column":54},"end":{"line":29,"column":null}},"loc":{"start":{"line":30,"column":4},"end":{"line":30,"column":null}},"line":30},"3":{"name":"openDrawer","decl":{"start":{"line":44,"column":16},"end":{"line":44,"column":27}},"loc":{"start":{"line":44,"column":49},"end":{"line":56,"column":null}},"line":44},"4":{"name":"closeDrawer","decl":{"start":{"line":58,"column":16},"end":{"line":58,"column":36}},"loc":{"start":{"line":58,"column":36},"end":{"line":68,"column":null}},"line":58},"5":{"name":"isDrawerOpen","decl":{"start":{"line":70,"column":16},"end":{"line":70,"column":40}},"loc":{"start":{"line":70,"column":40},"end":{"line":75,"column":null}},"line":70},"6":{"name":"getActiveTab","decl":{"start":{"line":77,"column":16},"end":{"line":77,"column":42}},"loc":{"start":{"line":77,"column":42},"end":{"line":79,"column":null}},"line":77},"7":{"name":"toggleDrawer","decl":{"start":{"line":81,"column":16},"end":{"line":81,"column":29}},"loc":{"start":{"line":81,"column":51},"end":{"line":87,"column":null}},"line":81},"8":{"name":"toggleMinimized","decl":{"start":{"line":89,"column":9},"end":{"line":89,"column":33}},"loc":{"start":{"line":89,"column":33},"end":{"line":97,"column":null}},"line":89},"9":{"name":"switchDrawerTab","decl":{"start":{"line":99,"column":16},"end":{"line":99,"column":32}},"loc":{"start":{"line":99,"column":54},"end":{"line":121,"column":null}},"line":99},"10":{"name":"updateClearButton","decl":{"start":{"line":123,"column":16},"end":{"line":123,"column":42}},"loc":{"start":{"line":123,"column":42},"end":{"line":135,"column":null}},"line":123},"11":{"name":"syncToggleButtons","decl":{"start":{"line":137,"column":9},"end":{"line":137,"column":27}},"loc":{"start":{"line":137,"column":48},"end":{"line":154,"column":null}},"line":137},"12":{"name":"initResize","decl":{"start":{"line":156,"column":9},"end":{"line":156,"column":20}},"loc":{"start":{"line":156,"column":71},"end":{"line":221,"column":null}},"line":156},"13":{"name":"(anonymous_13)","decl":{"start":{"line":159,"column":20},"end":{"line":159,"column":26}},"loc":{"start":{"line":159,"column":26},"end":{"line":159,"column":null}},"line":159},"14":{"name":"(anonymous_14)","decl":{"start":{"line":161,"column":27},"end":{"line":161,"column":33}},"loc":{"start":{"line":161,"column":33},"end":{"line":166,"column":null}},"line":161},"15":{"name":"onMouseMove","decl":{"start":{"line":168,"column":11},"end":{"line":168,"column":23}},"loc":{"start":{"line":168,"column":38},"end":{"line":177,"column":null}},"line":168},"16":{"name":"onMouseUp","decl":{"start":{"line":179,"column":11},"end":{"line":179,"column":23}},"loc":{"start":{"line":179,"column":23},"end":{"line":186,"column":null}},"line":179},"17":{"name":"(anonymous_17)","decl":{"start":{"line":188,"column":39},"end":{"line":188,"column":40}},"loc":{"start":{"line":188,"column":46},"end":{"line":196,"column":3}},"line":188},"18":{"name":"(anonymous_18)","decl":{"start":{"line":198,"column":37},"end":{"line":198,"column":38}},"loc":{"start":{"line":198,"column":44},"end":{"line":218,"column":3}},"line":198}},"branchMap":{"0":{"loc":{"start":{"line":8,"column":2},"end":{"line":8,"column":null}},"type":"binary-expr","locations":[{"start":{"line":8,"column":2},"end":{"line":8,"column":43}},{"start":{"line":8,"column":43},"end":{"line":8,"column":null}}],"line":8},"1":{"loc":{"start":{"line":12,"column":2},"end":{"line":12,"column":null}},"type":"cond-expr","locations":[{"start":{"line":12,"column":59},"end":{"line":12,"column":75}},{"start":{"line":12,"column":75},"end":{"line":12,"column":null}}],"line":12},"2":{"loc":{"start":{"line":12,"column":2},"end":{"line":12,"column":59}},"type":"binary-expr","locations":[{"start":{"line":12,"column":2},"end":{"line":12,"column":36}},{"start":{"line":12,"column":36},"end":{"line":12,"column":59}}],"line":12},"3":{"loc":{"start":{"line":22,"column":2},"end":{"line":22,"column":null}},"type":"if","locations":[{"start":{"line":22,"column":2},"end":{"line":22,"column":null}},{"start":{},"end":{}}],"line":22},"4":{"loc":{"start":{"line":38,"column":2},"end":{"line":41,"column":null}},"type":"if","locations":[{"start":{"line":38,"column":2},"end":{"line":41,"column":null}},{"start":{},"end":{}}],"line":38},"5":{"loc":{"start":{"line":48,"column":2},"end":{"line":48,"column":null}},"type":"if","locations":[{"start":{"line":48,"column":2},"end":{"line":48,"column":null}},{"start":{},"end":{}}],"line":48},"6":{"loc":{"start":{"line":62,"column":2},"end":{"line":62,"column":null}},"type":"if","locations":[{"start":{"line":62,"column":2},"end":{"line":62,"column":null}},{"start":{},"end":{}}],"line":62},"7":{"loc":{"start":{"line":74,"column":9},"end":{"line":74,"column":null}},"type":"cond-expr","locations":[{"start":{"line":74,"column":18},"end":{"line":74,"column":35}},{"start":{"line":74,"column":35},"end":{"line":74,"column":null}}],"line":74},"8":{"loc":{"start":{"line":82,"column":2},"end":{"line":86,"column":null}},"type":"if","locations":[{"start":{"line":82,"column":2},"end":{"line":86,"column":null}},{"start":{"line":84,"column":9},"end":{"line":86,"column":null}}],"line":82},"9":{"loc":{"start":{"line":82,"column":6},"end":{"line":82,"column":44}},"type":"binary-expr","locations":[{"start":{"line":82,"column":6},"end":{"line":82,"column":24}},{"start":{"line":82,"column":24},"end":{"line":82,"column":44}}],"line":82},"10":{"loc":{"start":{"line":93,"column":2},"end":{"line":93,"column":null}},"type":"if","locations":[{"start":{"line":93,"column":2},"end":{"line":93,"column":null}},{"start":{},"end":{}}],"line":93},"11":{"loc":{"start":{"line":113,"column":25},"end":{"line":113,"column":null}},"type":"cond-expr","locations":[{"start":{"line":113,"column":38},"end":{"line":113,"column":42}},{"start":{"line":113,"column":42},"end":{"line":113,"column":null}}],"line":113},"12":{"loc":{"start":{"line":114,"column":26},"end":{"line":114,"column":null}},"type":"cond-expr","locations":[{"start":{"line":114,"column":39},"end":{"line":114,"column":44}},{"start":{"line":114,"column":44},"end":{"line":114,"column":null}}],"line":114},"13":{"loc":{"start":{"line":127,"column":2},"end":{"line":127,"column":null}},"type":"if","locations":[{"start":{"line":127,"column":2},"end":{"line":127,"column":null}},{"start":{},"end":{}}],"line":127},"14":{"loc":{"start":{"line":128,"column":2},"end":{"line":134,"column":null}},"type":"if","locations":[{"start":{"line":128,"column":2},"end":{"line":134,"column":null}},{"start":{"line":131,"column":9},"end":{"line":134,"column":null}}],"line":128},"15":{"loc":{"start":{"line":144,"column":2},"end":{"line":148,"column":null}},"type":"if","locations":[{"start":{"line":144,"column":2},"end":{"line":148,"column":null}},{"start":{},"end":{}}],"line":144},"16":{"loc":{"start":{"line":147,"column":13},"end":{"line":147,"column":46}},"type":"binary-expr","locations":[{"start":{"line":147,"column":13},"end":{"line":147,"column":21}},{"start":{"line":147,"column":21},"end":{"line":147,"column":46}}],"line":147},"17":{"loc":{"start":{"line":149,"column":2},"end":{"line":153,"column":null}},"type":"if","locations":[{"start":{"line":149,"column":2},"end":{"line":153,"column":null}},{"start":{},"end":{}}],"line":149},"18":{"loc":{"start":{"line":152,"column":13},"end":{"line":152,"column":47}},"type":"binary-expr","locations":[{"start":{"line":152,"column":13},"end":{"line":152,"column":21}},{"start":{"line":152,"column":21},"end":{"line":152,"column":47}}],"line":152},"19":{"loc":{"start":{"line":199,"column":17},"end":{"line":199,"column":null}},"type":"cond-expr","locations":[{"start":{"line":199,"column":30},"end":{"line":199,"column":35}},{"start":{"line":199,"column":35},"end":{"line":199,"column":null}}],"line":199},"20":{"loc":{"start":{"line":202,"column":4},"end":{"line":210,"column":null}},"type":"if","locations":[{"start":{"line":202,"column":4},"end":{"line":210,"column":null}},{"start":{"line":204,"column":4},"end":{"line":210,"column":null}}],"line":202},"21":{"loc":{"start":{"line":204,"column":4},"end":{"line":210,"column":null}},"type":"if","locations":[{"start":{"line":204,"column":4},"end":{"line":210,"column":null}},{"start":{"line":206,"column":4},"end":{"line":210,"column":null}}],"line":204},"22":{"loc":{"start":{"line":206,"column":4},"end":{"line":210,"column":null}},"type":"if","locations":[{"start":{"line":206,"column":4},"end":{"line":210,"column":null}},{"start":{"line":208,"column":4},"end":{"line":210,"column":null}}],"line":206},"23":{"loc":{"start":{"line":208,"column":4},"end":{"line":210,"column":null}},"type":"if","locations":[{"start":{"line":208,"column":4},"end":{"line":210,"column":null}},{"start":{},"end":{}}],"line":208},"24":{"loc":{"start":{"line":212,"column":4},"end":{"line":212,"column":null}},"type":"if","locations":[{"start":{"line":212,"column":4},"end":{"line":212,"column":null}},{"start":{},"end":{}}],"line":212}},"s":{"0":30,"1":30,"2":30,"3":30,"4":30,"5":30,"6":30,"7":29,"8":29,"9":1,"10":28,"11":28,"12":1,"13":28,"14":1,"15":28,"16":28,"17":28,"18":28,"19":27,"20":27,"21":33,"22":33,"23":1,"24":32,"25":32,"26":32,"27":32,"28":32,"29":32,"30":9,"31":9,"32":1,"33":8,"34":8,"35":8,"36":8,"37":55,"38":55,"39":10,"40":6,"41":2,"42":4,"43":3,"44":3,"45":1,"46":2,"47":2,"48":38,"49":38,"50":38,"51":38,"52":38,"53":38,"54":38,"55":38,"56":38,"57":38,"58":38,"59":38,"60":38,"61":38,"62":38,"63":38,"64":39,"65":39,"66":1,"67":38,"68":10,"69":10,"70":28,"71":28,"72":78,"73":78,"74":78,"75":75,"76":78,"77":75,"78":27,"79":27,"80":27,"81":40,"82":27,"83":34,"84":34,"85":34,"86":34,"87":1,"88":1,"89":1,"90":1,"91":1,"92":1,"93":1,"94":1,"95":1,"96":1,"97":1,"98":27,"99":1,"100":1,"101":1,"102":1,"103":1,"104":1,"105":1,"106":27,"107":6,"108":6,"109":6,"110":2,"111":4,"112":1,"113":3,"114":1,"115":2,"116":1,"117":6,"118":1,"119":5,"120":5,"121":5,"122":5,"123":5,"124":27},"f":{"0":29,"1":1,"2":1,"3":33,"4":9,"5":55,"6":10,"7":6,"8":3,"9":38,"10":39,"11":78,"12":27,"13":40,"14":34,"15":1,"16":1,"17":1,"18":6},"b":{"0":[30,29],"1":[30,0],"2":[30,30],"3":[1,28],"4":[27,1],"5":[1,32],"6":[1,8],"7":[54,1],"8":[2,4],"9":[6,2],"10":[1,2],"11":[10,28],"12":[10,28],"13":[1,38],"14":[10,28],"15":[75,3],"16":[75,66],"17":[75,3],"18":[75,66],"19":[1,5],"20":[2,4],"21":[1,3],"22":[1,2],"23":[1,1],"24":[1,5]},"meta":{"lastBranch":25,"lastFunction":19,"lastStatement":125,"seen":{"s:5:28:5:Infinity":0,"s:6:16:6:Infinity":1,"s:7:22:10:Infinity":2,"b:8:2:8:43:8:43:8:Infinity":0,"s:12:2:12:Infinity":3,"b:12:59:12:75:12:75:12:Infinity":1,"b:12:2:12:36:12:36:12:59":2,"s:14:20:14:Infinity":4,"s:15:19:15:Infinity":5,"s:16:18:16:Infinity":6,"f:18:16:18:35":0,"s:19:17:21:Infinity":7,"b:22:2:22:Infinity:undefined:undefined:undefined:undefined":3,"s:22:2:22:Infinity":8,"s:22:15:22:Infinity":9,"s:24:2:24:Infinity":10,"s:26:2:28:Infinity":11,"f:26:53:26:Infinity":1,"s:27:4:27:Infinity":12,"s:29:2:31:Infinity":13,"f:29:54:29:Infinity":2,"s:30:4:30:Infinity":14,"s:32:2:32:Infinity":15,"s:33:2:33:Infinity":16,"s:35:17:37:Infinity":17,"b:38:2:41:Infinity:undefined:undefined:undefined:undefined":4,"s:38:2:41:Infinity":18,"s:39:4:39:Infinity":19,"s:40:4:40:Infinity":20,"f:44:16:44:27":3,"s:45:17:47:Infinity":21,"b:48:2:48:Infinity:undefined:undefined:undefined:undefined":5,"s:48:2:48:Infinity":22,"s:48:15:48:Infinity":23,"s:50:2:50:Infinity":24,"s:51:2:51:Infinity":25,"s:52:2:52:Infinity":26,"s:53:2:53:Infinity":27,"s:54:2:54:Infinity":28,"s:55:2:55:Infinity":29,"f:58:16:58:36":4,"s:59:17:61:Infinity":30,"b:62:2:62:Infinity:undefined:undefined:undefined:undefined":6,"s:62:2:62:Infinity":31,"s:62:15:62:Infinity":32,"s:64:2:64:Infinity":33,"s:65:2:65:Infinity":34,"s:66:2:66:Infinity":35,"s:67:2:67:Infinity":36,"f:70:16:70:40":5,"s:71:17:73:Infinity":37,"s:74:2:74:Infinity":38,"b:74:18:74:35:74:35:74:Infinity":7,"f:77:16:77:42":6,"s:78:2:78:Infinity":39,"f:81:16:81:29":7,"b:82:2:86:Infinity:84:9:86:Infinity":8,"s:82:2:86:Infinity":40,"b:82:6:82:24:82:24:82:44":9,"s:83:4:83:Infinity":41,"s:85:4:85:Infinity":42,"f:89:9:89:33":8,"s:90:17:92:Infinity":43,"b:93:2:93:Infinity:undefined:undefined:undefined:undefined":10,"s:93:2:93:Infinity":44,"s:93:15:93:Infinity":45,"s:95:2:95:Infinity":46,"s:96:2:96:Infinity":47,"f:99:16:99:32":9,"s:100:2:100:Infinity":48,"s:102:8:102:Infinity":49,"s:103:8:103:Infinity":50,"s:104:8:104:Infinity":51,"s:105:8:105:Infinity":52,"s:107:21:107:Infinity":53,"s:109:2:109:Infinity":54,"s:110:2:110:Infinity":55,"s:111:2:111:Infinity":56,"s:112:2:112:Infinity":57,"s:113:2:113:Infinity":58,"b:113:38:113:42:113:42:113:Infinity":11,"s:114:2:114:Infinity":59,"b:114:39:114:44:114:44:114:Infinity":12,"s:116:2:116:Infinity":60,"s:117:2:117:Infinity":61,"s:119:2:119:Infinity":62,"s:120:2:120:Infinity":63,"f:123:16:123:42":10,"s:124:14:126:Infinity":64,"b:127:2:127:Infinity:undefined:undefined:undefined:undefined":13,"s:127:2:127:Infinity":65,"s:127:12:127:Infinity":66,"b:128:2:134:Infinity:131:9:134:Infinity":14,"s:128:2:134:Infinity":67,"s:129:4:129:Infinity":68,"s:130:4:130:Infinity":69,"s:132:4:132:Infinity":70,"s:133:4:133:Infinity":71,"f:137:9:137:27":11,"s:138:25:140:Infinity":72,"s:141:25:143:Infinity":73,"b:144:2:148:Infinity:undefined:undefined:undefined:undefined":15,"s:144:2:148:Infinity":74,"s:145:4:148:Infinity":75,"b:147:13:147:21:147:21:147:46":16,"b:149:2:153:Infinity:undefined:undefined:undefined:undefined":17,"s:149:2:153:Infinity":76,"s:150:4:153:Infinity":77,"b:152:13:152:21:152:21:152:47":18,"f:156:9:156:20":12,"s:157:15:157:Infinity":78,"s:158:20:158:Infinity":79,"s:159:20:159:Infinity":80,"f:159:20:159:26":13,"s:159:26:159:Infinity":81,"s:161:27:166:Infinity":82,"f:161:27:161:33":14,"s:162:4:162:Infinity":83,"s:163:4:163:Infinity":84,"s:164:4:164:Infinity":85,"s:165:4:165:Infinity":86,"f:168:11:168:23":15,"s:169:18:169:Infinity":87,"s:170:22:173:Infinity":88,"s:174:4:174:Infinity":89,"s:175:4:175:Infinity":90,"s:176:4:176:Infinity":91,"f:179:11:179:23":16,"s:180:4:180:Infinity":92,"s:181:4:181:Infinity":93,"s:182:4:182:Infinity":94,"s:183:4:183:Infinity":95,"s:184:4:184:Infinity":96,"s:185:4:185:Infinity":97,"s:188:2:196:Infinity":98,"f:188:39:188:40":17,"s:189:4:189:Infinity":99,"s:190:4:190:Infinity":100,"s:191:4:191:Infinity":101,"s:192:4:192:Infinity":102,"s:193:4:193:Infinity":103,"s:194:4:194:Infinity":104,"s:195:4:195:Infinity":105,"s:198:2:218:Infinity":106,"f:198:37:198:38":18,"s:199:17:199:Infinity":107,"b:199:30:199:35:199:35:199:Infinity":19,"s:200:36:200:Infinity":108,"b:202:4:210:Infinity:204:4:210:Infinity":20,"s:202:4:210:Infinity":109,"s:203:6:203:Infinity":110,"b:204:4:210:Infinity:206:4:210:Infinity":21,"s:204:4:210:Infinity":111,"s:205:6:205:Infinity":112,"b:206:4:210:Infinity:208:4:210:Infinity":22,"s:206:4:210:Infinity":113,"s:207:6:207:Infinity":114,"b:208:4:210:Infinity:undefined:undefined:undefined:undefined":23,"s:208:4:210:Infinity":115,"s:209:6:209:Infinity":116,"b:212:4:212:Infinity:undefined:undefined:undefined:undefined":24,"s:212:4:212:Infinity":117,"s:212:29:212:Infinity":118,"s:213:4:213:Infinity":119,"s:214:4:214:Infinity":120,"s:215:4:215:Infinity":121,"s:216:4:216:Infinity":122,"s:217:4:217:Infinity":123,"s:220:2:220:Infinity":124}}}
,"C:\\Users\\Burnt\\Documents\\GitHub\\S3-Sidekick\\src\\browser.ts": {"path":"C:\\Users\\Burnt\\Documents\\GitHub\\S3-Sidekick\\src\\browser.ts","statementMap":{"0":{"start":{"line":13,"column":2},"end":{"line":15,"column":null}},"1":{"start":{"line":14,"column":4},"end":{"line":14,"column":null}},"2":{"start":{"line":16,"column":2},"end":{"line":16,"column":null}},"3":{"start":{"line":20,"column":2},"end":{"line":23,"column":null}},"4":{"start":{"line":21,"column":4},"end":{"line":21,"column":null}},"5":{"start":{"line":22,"column":4},"end":{"line":22,"column":null}},"6":{"start":{"line":24,"column":13},"end":{"line":24,"column":null}},"7":{"start":{"line":25,"column":2},"end":{"line":25,"column":null}},"8":{"start":{"line":25,"column":10},"end":{"line":25,"column":null}},"9":{"start":{"line":26,"column":2},"end":{"line":32,"column":null}},"10":{"start":{"line":27,"column":4},"end":{"line":31,"column":null}},"11":{"start":{"line":28,"column":18},"end":{"line":28,"column":null}},"12":{"start":{"line":29,"column":6},"end":{"line":29,"column":null}},"13":{"start":{"line":29,"column":15},"end":{"line":29,"column":null}},"14":{"start":{"line":30,"column":6},"end":{"line":30,"column":null}},"15":{"start":{"line":36,"column":25},"end":{"line":36,"column":null}},"16":{"start":{"line":37,"column":2},"end":{"line":39,"column":null}},"17":{"start":{"line":38,"column":4},"end":{"line":38,"column":null}},"18":{"start":{"line":40,"column":2},"end":{"line":43,"column":null}},"19":{"start":{"line":41,"column":4},"end":{"line":41,"column":null}},"20":{"start":{"line":41,"column":23},"end":{"line":41,"column":null}},"21":{"start":{"line":42,"column":4},"end":{"line":42,"column":null}},"22":{"start":{"line":44,"column":2},"end":{"line":44,"column":null}},"23":{"start":{"line":48,"column":2},"end":{"line":48,"column":null}},"24":{"start":{"line":49,"column":2},"end":{"line":49,"column":null}},"25":{"start":{"line":53,"column":16},"end":{"line":53,"column":null}},"26":{"start":{"line":54,"column":2},"end":{"line":58,"column":null}},"27":{"start":{"line":55,"column":4},"end":{"line":57,"column":null}},"28":{"start":{"line":56,"column":6},"end":{"line":56,"column":null}},"29":{"start":{"line":62,"column":2},"end":{"line":62,"column":null}},"30":{"start":{"line":63,"column":16},"end":{"line":65,"column":null}},"31":{"start":{"line":66,"column":2},"end":{"line":66,"column":null}},"32":{"start":{"line":66,"column":13},"end":{"line":66,"column":null}},"33":{"start":{"line":70,"column":2},"end":{"line":70,"column":null}},"34":{"start":{"line":72,"column":15},"end":{"line":72,"column":null}},"35":{"start":{"line":73,"column":2},"end":{"line":79,"column":null}},"36":{"start":{"line":74,"column":16},"end":{"line":74,"column":null}},"37":{"start":{"line":75,"column":15},"end":{"line":75,"column":null}},"38":{"start":{"line":76,"column":21},"end":{"line":76,"column":null}},"39":{"start":{"line":77,"column":4},"end":{"line":77,"column":null}},"40":{"start":{"line":78,"column":4},"end":{"line":78,"column":null}},"41":{"start":{"line":78,"column":12},"end":{"line":78,"column":null}},"42":{"start":{"line":80,"column":18},"end":{"line":80,"column":null}},"43":{"start":{"line":81,"column":20},"end":{"line":83,"column":null}},"44":{"start":{"line":84,"column":2},"end":{"line":89,"column":null}},"45":{"start":{"line":85,"column":4},"end":{"line":86,"column":null}},"46":{"start":{"line":86,"column":49},"end":{"line":86,"column":74}},"47":{"start":{"line":87,"column":4},"end":{"line":88,"column":null}},"48":{"start":{"line":88,"column":48},"end":{"line":88,"column":73}},"49":{"start":{"line":91,"column":23},"end":{"line":93,"column":null}},"50":{"start":{"line":94,"column":21},"end":{"line":96,"column":null}},"51":{"start":{"line":97,"column":2},"end":{"line":107,"column":null}},"52":{"start":{"line":98,"column":30},"end":{"line":100,"column":null}},"53":{"start":{"line":99,"column":15},"end":{"line":99,"column":null}},"54":{"start":{"line":101,"column":4},"end":{"line":106,"column":null}},"55":{"start":{"line":102,"column":6},"end":{"line":102,"column":null}},"56":{"start":{"line":103,"column":6},"end":{"line":103,"column":null}},"57":{"start":{"line":105,"column":6},"end":{"line":105,"column":null}},"58":{"start":{"line":110,"column":36},"end":{"line":110,"column":null}},"59":{"start":{"line":113,"column":18},"end":{"line":113,"column":null}},"60":{"start":{"line":115,"column":2},"end":{"line":134,"column":null}},"61":{"start":{"line":116,"column":21},"end":{"line":116,"column":null}},"62":{"start":{"line":117,"column":19},"end":{"line":117,"column":null}},"63":{"start":{"line":118,"column":4},"end":{"line":124,"column":null}},"64":{"start":{"line":120,"column":8},"end":{"line":120,"column":null}},"65":{"start":{"line":121,"column":6},"end":{"line":123,"column":null}},"66":{"start":{"line":121,"column":19},"end":{"line":121,"column":25}},"67":{"start":{"line":122,"column":8},"end":{"line":122,"column":null}},"68":{"start":{"line":125,"column":2},"end":{"line":134,"column":null}},"69":{"start":{"line":126,"column":4},"end":{"line":130,"column":null}},"70":{"start":{"line":127,"column":6},"end":{"line":127,"column":null}},"71":{"start":{"line":129,"column":6},"end":{"line":129,"column":null}},"72":{"start":{"line":132,"column":4},"end":{"line":132,"column":null}},"73":{"start":{"line":133,"column":4},"end":{"line":133,"column":null}},"74":{"start":{"line":136,"column":2},"end":{"line":136,"column":null}},"75":{"start":{"line":137,"column":2},"end":{"line":137,"column":null}},"76":{"start":{"line":141,"column":18},"end":{"line":141,"column":null}},"77":{"start":{"line":142,"column":2},"end":{"line":146,"column":null}},"78":{"start":{"line":143,"column":4},"end":{"line":143,"column":null}},"79":{"start":{"line":143,"column":29},"end":{"line":143,"column":null}},"80":{"start":{"line":145,"column":4},"end":{"line":145,"column":null}},"81":{"start":{"line":147,"column":2},"end":{"line":147,"column":null}},"82":{"start":{"line":151,"column":17},"end":{"line":151,"column":null}},"83":{"start":{"line":152,"column":16},"end":{"line":156,"column":null}},"84":{"start":{"line":154,"column":6},"end":{"line":155,"column":null}},"85":{"start":{"line":157,"column":14},"end":{"line":157,"column":null}},"86":{"start":{"line":158,"column":14},"end":{"line":158,"column":null}},"87":{"start":{"line":160,"column":2},"end":{"line":170,"column":null}},"88":{"start":{"line":161,"column":14},"end":{"line":161,"column":null}},"89":{"start":{"line":162,"column":4},"end":{"line":168,"column":null}},"90":{"start":{"line":163,"column":6},"end":{"line":163,"column":null}},"91":{"start":{"line":164,"column":4},"end":{"line":168,"column":null}},"92":{"start":{"line":165,"column":6},"end":{"line":165,"column":null}},"93":{"start":{"line":166,"column":4},"end":{"line":168,"column":null}},"94":{"start":{"line":167,"column":6},"end":{"line":167,"column":null}},"95":{"start":{"line":169,"column":4},"end":{"line":169,"column":null}},"96":{"start":{"line":172,"column":2},"end":{"line":172,"column":null}},"97":{"start":{"line":176,"column":2},"end":{"line":181,"column":null}},"98":{"start":{"line":177,"column":4},"end":{"line":177,"column":null}},"99":{"start":{"line":179,"column":4},"end":{"line":179,"column":null}},"100":{"start":{"line":180,"column":4},"end":{"line":180,"column":null}},"101":{"start":{"line":182,"column":2},"end":{"line":182,"column":null}},"102":{"start":{"line":183,"column":2},"end":{"line":183,"column":null}},"103":{"start":{"line":187,"column":49},"end":{"line":187,"column":null}},"104":{"start":{"line":188,"column":2},"end":{"line":216,"column":null}},"105":{"start":{"line":189,"column":15},"end":{"line":189,"column":null}},"106":{"start":{"line":190,"column":4},"end":{"line":204,"column":null}},"107":{"start":{"line":191,"column":6},"end":{"line":203,"column":null}},"108":{"start":{"line":192,"column":8},"end":{"line":200,"column":null}},"109":{"start":{"line":202,"column":8},"end":{"line":202,"column":null}},"110":{"start":{"line":205,"column":15},"end":{"line":205,"column":null}},"111":{"start":{"line":206,"column":4},"end":{"line":215,"column":null}},"112":{"start":{"line":207,"column":6},"end":{"line":214,"column":null}},"113":{"start":{"line":220,"column":13},"end":{"line":220,"column":null}},"114":{"start":{"line":221,"column":2},"end":{"line":224,"column":null}},"115":{"start":{"line":222,"column":4},"end":{"line":222,"column":null}},"116":{"start":{"line":223,"column":4},"end":{"line":223,"column":null}},"117":{"start":{"line":225,"column":2},"end":{"line":234,"column":null}},"118":{"start":{"line":228,"column":8},"end":{"line":230,"column":null}},"119":{"start":{"line":238,"column":16},"end":{"line":238,"column":null}},"120":{"start":{"line":239,"column":25},"end":{"line":239,"column":null}},"121":{"start":{"line":241,"column":17},"end":{"line":241,"column":null}},"122":{"start":{"line":243,"column":25},"end":{"line":245,"column":null}},"123":{"start":{"line":244,"column":19},"end":{"line":244,"column":72}},"124":{"start":{"line":245,"column":21},"end":{"line":245,"column":77}},"125":{"start":{"line":247,"column":2},"end":{"line":257,"column":null}},"126":{"start":{"line":248,"column":10},"end":{"line":248,"column":null}},"127":{"start":{"line":249,"column":4},"end":{"line":256,"column":null}},"128":{"start":{"line":259,"column":22},"end":{"line":259,"column":null}},"129":{"start":{"line":260,"column":18},"end":{"line":260,"column":null}},"130":{"start":{"line":260,"column":47},"end":{"line":260,"column":68}},"131":{"start":{"line":261,"column":2},"end":{"line":276,"column":null}},"132":{"start":{"line":262,"column":10},"end":{"line":262,"column":null}},"133":{"start":{"line":263,"column":19},"end":{"line":263,"column":null}},"134":{"start":{"line":265,"column":6},"end":{"line":267,"column":null}},"135":{"start":{"line":268,"column":4},"end":{"line":275,"column":null}},"136":{"start":{"line":278,"column":2},"end":{"line":282,"column":null}},"137":{"start":{"line":279,"column":4},"end":{"line":279,"column":null}},"138":{"start":{"line":281,"column":4},"end":{"line":281,"column":null}},"139":{"start":{"line":284,"column":2},"end":{"line":284,"column":null}},"140":{"start":{"line":285,"column":2},"end":{"line":285,"column":null}},"141":{"start":{"line":287,"column":2},"end":{"line":287,"column":null}},"142":{"start":{"line":288,"column":2},"end":{"line":288,"column":null}},"143":{"start":{"line":289,"column":2},"end":{"line":289,"column":null}},"144":{"start":{"line":290,"column":2},"end":{"line":290,"column":null}},"145":{"start":{"line":294,"column":20},"end":{"line":294,"column":null}},"146":{"start":{"line":294,"column":48},"end":{"line":294,"column":60}},"147":{"start":{"line":295,"column":22},"end":{"line":295,"column":null}},"148":{"start":{"line":296,"column":26},"end":{"line":296,"column":null}},"149":{"start":{"line":297,"column":2},"end":{"line":298,"column":null}},"150":{"start":{"line":298,"column":4},"end":{"line":298,"column":null}},"151":{"start":{"line":299,"column":2},"end":{"line":300,"column":null}},"152":{"start":{"line":300,"column":4},"end":{"line":300,"column":null}},"153":{"start":{"line":302,"column":18},"end":{"line":302,"column":null}},"154":{"start":{"line":303,"column":2},"end":{"line":303,"column":null}},"155":{"start":{"line":303,"column":15},"end":{"line":303,"column":null}},"156":{"start":{"line":305,"column":22},"end":{"line":305,"column":null}},"157":{"start":{"line":306,"column":2},"end":{"line":306,"column":null}},"158":{"start":{"line":306,"column":19},"end":{"line":306,"column":null}},"159":{"start":{"line":310,"column":14},"end":{"line":310,"column":null}},"160":{"start":{"line":311,"column":2},"end":{"line":311,"column":null}},"161":{"start":{"line":311,"column":11},"end":{"line":311,"column":null}},"162":{"start":{"line":315,"column":13},"end":{"line":315,"column":null}},"163":{"start":{"line":316,"column":26},"end":{"line":316,"column":null}},"164":{"start":{"line":318,"column":2},"end":{"line":320,"column":null}},"165":{"start":{"line":322,"column":2},"end":{"line":331,"column":null}},"166":{"start":{"line":323,"column":21},"end":{"line":323,"column":null}},"167":{"start":{"line":324,"column":22},"end":{"line":324,"column":null}},"168":{"start":{"line":325,"column":4},"end":{"line":330,"column":null}},"169":{"start":{"line":326,"column":6},"end":{"line":326,"column":null}},"170":{"start":{"line":327,"column":6},"end":{"line":329,"column":null}},"171":{"start":{"line":333,"column":2},"end":{"line":333,"column":null}},"172":{"start":{"line":341,"column":29},"end":{"line":341,"column":null}},"173":{"start":{"line":342,"column":15},"end":{"line":342,"column":null}},"174":{"start":{"line":343,"column":22},"end":{"line":343,"column":null}},"175":{"start":{"line":355,"column":2},"end":{"line":362,"column":null}},"176":{"start":{"line":366,"column":2},"end":{"line":366,"column":null}},"177":{"start":{"line":367,"column":2},"end":{"line":367,"column":null}},"178":{"start":{"line":368,"column":2},"end":{"line":368,"column":null}},"179":{"start":{"line":369,"column":2},"end":{"line":369,"column":null}},"180":{"start":{"line":370,"column":2},"end":{"line":370,"column":null}},"181":{"start":{"line":371,"column":2},"end":{"line":371,"column":null}},"182":{"start":{"line":375,"column":2},"end":{"line":375,"column":null}},"183":{"start":{"line":376,"column":2},"end":{"line":376,"column":null}},"184":{"start":{"line":380,"column":2},"end":{"line":380,"column":null}},"185":{"start":{"line":380,"column":23},"end":{"line":380,"column":null}},"186":{"start":{"line":381,"column":2},"end":{"line":381,"column":null}},"187":{"start":{"line":382,"column":2},"end":{"line":382,"column":null}},"188":{"start":{"line":383,"column":2},"end":{"line":383,"column":null}},"189":{"start":{"line":384,"column":2},"end":{"line":384,"column":null}},"190":{"start":{"line":388,"column":18},"end":{"line":390,"column":null}},"191":{"start":{"line":391,"column":17},"end":{"line":393,"column":null}},"192":{"start":{"line":394,"column":2},"end":{"line":394,"column":null}},"193":{"start":{"line":394,"column":15},"end":{"line":394,"column":null}},"194":{"start":{"line":395,"column":2},"end":{"line":395,"column":null}},"195":{"start":{"line":395,"column":14},"end":{"line":395,"column":null}},"196":{"start":{"line":399,"column":2},"end":{"line":399,"column":null}},"197":{"start":{"line":400,"column":2},"end":{"line":400,"column":null}},"198":{"start":{"line":401,"column":2},"end":{"line":401,"column":null}},"199":{"start":{"line":402,"column":2},"end":{"line":402,"column":null}},"200":{"start":{"line":406,"column":2},"end":{"line":406,"column":null}},"201":{"start":{"line":406,"column":21},"end":{"line":406,"column":null}},"202":{"start":{"line":407,"column":19},"end":{"line":407,"column":null}},"203":{"start":{"line
[...]
,"C:\\Users\\Burnt\\Documents\\GitHub\\S3-Sidekick\\src\\utils.ts": {"path":"C:\\Users\\Burnt\\Documents\\GitHub\\S3-Sidekick\\src\\utils.ts","statementMap":{"0":{"start":{"line":2,"column":13},"end":{"line":2,"column":null}},"1":{"start":{"line":3,"column":2},"end":{"line":3,"column":null}},"2":{"start":{"line":3,"column":11},"end":{"line":3,"column":null}},"3":{"start":{"line":4,"column":2},"end":{"line":4,"column":null}},"4":{"start":{"line":11,"column":13},"end":{"line":11,"column":null}},"5":{"start":{"line":12,"column":2},"end":{"line":12,"column":null}},"6":{"start":{"line":12,"column":11},"end":{"line":12,"column":null}},"7":{"start":{"line":13,"column":2},"end":{"line":13,"column":null}},"8":{"start":{"line":20,"column":2},"end":{"line":20,"column":null}},"9":{"start":{"line":24,"column":2},"end":{"line":29,"column":null}},"10":{"start":{"line":32,"column":25},"end":{"line":32,"column":null}},"11":{"start":{"line":35,"column":2},"end":{"line":35,"column":null}},"12":{"start":{"line":39,"column":2},"end":{"line":39,"column":null}},"13":{"start":{"line":39,"column":17},"end":{"line":39,"column":null}},"14":{"start":{"line":40,"column":2},"end":{"line":40,"column":null}},"15":{"start":{"line":40,"column":19},"end":{"line":40,"column":null}},"16":{"start":{"line":41,"column":16},"end":{"line":41,"column":null}},"17":{"start":{"line":42,"column":12},"end":{"line":45,"column":null}},"18":{"start":{"line":46,"column":16},"end":{"line":46,"column":null}},"19":{"start":{"line":47,"column":2},"end":{"line":47,"column":null}},"20":{"start":{"line":51,"column":2},"end":{"line":51,"column":null}},"21":{"start":{"line":51,"column":12},"end":{"line":51,"column":null}},"22":{"start":{"line":52,"column":2},"end":{"line":64,"column":null}},"23":{"start":{"line":53,"column":14},"end":{"line":53,"column":null}},"24":{"start":{"line":54,"column":4},"end":{"line":54,"column":null}},"25":{"start":{"line":54,"column":28},"end":{"line":54,"column":null}},"26":{"start":{"line":55,"column":4},"end":{"line":61,"column":null}},"27":{"start":{"line":63,"column":4},"end":{"line":63,"column":null}},"28":{"start":{"line":68,"column":2},"end":{"line":72,"column":null}},"29":{"start":{"line":69,"column":20},"end":{"line":69,"column":null}},"30":{"start":{"line":70,"column":16},"end":{"line":70,"column":null}},"31":{"start":{"line":71,"column":4},"end":{"line":71,"column":null}},"32":{"start":{"line":73,"column":14},"end":{"line":73,"column":null}},"33":{"start":{"line":74,"column":2},"end":{"line":74,"column":null}},"34":{"start":{"line":84,"column":2},"end":{"line":84,"column":null}},"35":{"start":{"line":84,"column":36},"end":{"line":84,"column":null}},"36":{"start":{"line":85,"column":14},"end":{"line":85,"column":null}},"37":{"start":{"line":86,"column":2},"end":{"line":90,"column":null}},"38":{"start":{"line":95,"column":2},"end":{"line":95,"column":null}},"39":{"start":{"line":102,"column":20},"end":{"line":102,"column":null}},"40":{"start":{"line":103,"column":14},"end":{"line":103,"column":null}},"41":{"start":{"line":104,"column":21},"end":{"line":104,"column":null}},"42":{"start":{"line":105,"column":2},"end":{"line":107,"column":null}},"43":{"start":{"line":112,"column":14},"end":{"line":112,"column":null}},"44":{"start":{"line":113,"column":2},"end":{"line":115,"column":null}},"45":{"start":{"line":114,"column":4},"end":{"line":114,"column":null}},"46":{"start":{"line":116,"column":2},"end":{"line":116,"column":null}},"47":{"start":{"line":120,"column":2},"end":{"line":120,"column":null}},"48":{"start":{"line":120,"column":30},"end":{"line":120,"column":null}},"49":{"start":{"line":121,"column":2},"end":{"line":121,"column":null}},"50":{"start":{"line":125,"column":14},"end":{"line":125,"column":null}},"51":{"start":{"line":126,"column":18},"end":{"line":126,"column":null}},"52":{"start":{"line":127,"column":2},"end":{"line":127,"column":null}},"53":{"start":{"line":131,"column":14},"end":{"line":131,"column":null}},"54":{"start":{"line":132,"column":2},"end":{"line":133,"column":null}},"55":{"start":{"line":133,"column":4},"end":{"line":133,"column":null}},"56":{"start":{"line":134,"column":2},"end":{"line":135,"column":null}},"57":{"start":{"line":135,"column":4},"end":{"line":135,"column":null}},"58":{"start":{"line":136,"column":2},"end":{"line":137,"column":null}},"59":{"start":{"line":137,"column":4},"end":{"line":137,"column":null}},"60":{"start":{"line":138,"column":2},"end":{"line":139,"column":null}},"61":{"start":{"line":139,"column":4},"end":{"line":139,"column":null}},"62":{"start":{"line":140,"column":2},"end":{"line":141,"column":null}},"63":{"start":{"line":141,"column":4},"end":{"line":141,"column":null}},"64":{"start":{"line":142,"column":2},"end":{"line":143,"column":null}},"65":{"start":{"line":143,"column":4},"end":{"line":143,"column":null}},"66":{"start":{"line":144,"column":2},"end":{"line":145,"column":null}},"67":{"start":{"line":145,"column":4},"end":{"line":145,"column":null}},"68":{"start":{"line":146,"column":2},"end":{"line":146,"column":null}}},"fnMap":{"0":{"name":"$","decl":{"start":{"line":1,"column":16},"end":{"line":1,"column":55}},"loc":{"start":{"line":1,"column":70},"end":{"line":5,"column":null}},"line":1},"1":{"name":"$$","decl":{"start":{"line":7,"column":16},"end":{"line":7,"column":null}},"loc":{"start":{"line":10,"column":5},"end":{"line":14,"column":null}},"line":10},"2":{"name":"findClosest","decl":{"start":{"line":16,"column":16},"end":{"line":16,"column":null}},"loc":{"start":{"line":19,"column":12},"end":{"line":21,"column":null}},"line":19},"3":{"name":"escapeHtml","decl":{"start":{"line":23,"column":16},"end":{"line":23,"column":27}},"loc":{"start":{"line":23,"column":46},"end":{"line":30,"column":null}},"line":23},"4":{"name":"safeHref","decl":{"start":{"line":34,"column":16},"end":{"line":34,"column":25}},"loc":{"start":{"line":34,"column":46},"end":{"line":36,"column":null}},"line":34},"5":{"name":"formatSize","decl":{"start":{"line":38,"column":16},"end":{"line":38,"column":27}},"loc":{"start":{"line":38,"column":50},"end":{"line":48,"column":null}},"line":38},"6":{"name":"formatDate","decl":{"start":{"line":50,"column":16},"end":{"line":50,"column":27}},"loc":{"start":{"line":50,"column":48},"end":{"line":65,"column":null}},"line":50},"7":{"name":"basename","decl":{"start":{"line":67,"column":16},"end":{"line":67,"column":25}},"loc":{"start":{"line":67,"column":46},"end":{"line":75,"column":null}},"line":67},"8":{"name":"isEditableElement","decl":{"start":{"line":83,"column":16},"end":{"line":83,"column":34}},"loc":{"start":{"line":83,"column":63},"end":{"line":92,"column":null}},"line":83},"9":{"name":"twemojiAsset","decl":{"start":{"line":94,"column":16},"end":{"line":94,"column":29}},"loc":{"start":{"line":94,"column":56},"end":{"line":96,"column":null}},"line":94},"10":{"name":"twemojiIcon","decl":{"start":{"line":98,"column":16},"end":{"line":98,"column":null}},"loc":{"start":{"line":101,"column":10},"end":{"line":109,"column":null}},"line":101},"11":{"name":"splitNameExt","decl":{"start":{"line":111,"column":16},"end":{"line":111,"column":29}},"loc":{"start":{"line":111,"column":78},"end":{"line":117,"column":null}},"line":111},"12":{"name":"pathSeparator","decl":{"start":{"line":119,"column":16},"end":{"line":119,"column":30}},"loc":{"start":{"line":119,"column":56},"end":{"line":122,"column":null}},"line":119},"13":{"name":"joinPath","decl":{"start":{"line":124,"column":16},"end":{"line":124,"column":25}},"loc":{"start":{"line":124,"column":79},"end":{"line":128,"column":null}},"line":124},"14":{"name":"friendlyError","decl":{"start":{"line":130,"column":16},"end":{"line":130,"column":30}},"loc":{"start":{"line":130,"column":52},"end":{"line":147,"column":null}},"line":130}},"branchMap":{"0":{"loc":{"start":{"line":3,"column":2},"end":{"line":3,"column":null}},"type":"if","locations":[{"start":{"line":3,"column":2},"end":{"line":3,"column":null}},{"start":{},"end":{}}],"line":3},"1":{"loc":{"start":{"line":9,"column":2},"end":{"line":9,"column":null}},"type":"default-arg","locations":[{"start":{"line":9,"column":23},"end":{"line":9,"column":null}}],"line":9},"2":{"loc":{"start":{"line":12,"column":2},"end":{"line":12,"column":null}},"type":"if","locations":[{"start":{"line":12,"column":2},"end":{"line":12,"column":null}},{"start":{},"end":{}}],"line":12},"3":{"loc":{"start":{"line":35,"column":9},"end":{"line":35,"column":null}},"type":"cond-expr","locations":[{"start":{"line":35,"column":38},"end":{"line":35,"column":56}},{"start":{"line":35,"column":56},"end":{"line":35,"column":null}}],"line":35},"4":{"loc":{"start":{"line":39,"column":2},"end":{"line":39,"column":null}},"type":"if","locations":[{"start":{"line":39,"column":2},"end":{"line":39,"column":null}},{"start":{},"end":{}}],"line":39},"5":{"loc":{"start":{"line":40,"column":2},"end":{"line":40,"column":null}},"type":"if","locations":[{"start":{"line":40,"column":2},"end":{"line":40,"column":null}},{"start":{},"end":{}}],"line":40},"6":{"loc":{"start":{"line":47,"column":12},"end":{"line":47,"column":46}},"type":"cond-expr","locations":[{"start":{"line":47,"column":22},"end":{"line":47,"column":30}},{"start":{"line":47,"column":30},"end":{"line":47,"column":46}}],"line":47},"7":{"loc":{"start":{"line":51,"column":2},"end":{"line":51,"column":null}},"type":"if","locations":[{"start":{"line":51,"column":2},"end":{"line":51,"column":null}},{"start":{},"end":{}}],"line":51},"8":{"loc":{"start":{"line":54,"column":4},"end":{"line":54,"column":null}},"type":"if","locations":[{"start":{"line":54,"column":4},"end":{"line":54,"column":null}},{"start":{},"end":{}}],"line":54},"9":{"loc":{"start":{"line":68,"column":2},"end":{"line":72,"column":null}},"type":"if","locations":[{"start":{"line":68,"column":2},"end":{"line":72,"column":null}},{"start":{},"end":{}}],"line":68},"10":{"loc":{"start":{"line":71,"column":11},"end":{"line":71,"column":null}},"type":"cond-expr","locations":[{"start":{"line":71,"column":22},"end":{"line":71,"column":53}},{"start":{"line":71,"column":53},"end":{"line":71,"column":null}}],"line":71},"11":{"loc":{"start":{"line":74,"column":9},"end":{"line":74,"column":null}},"type":"cond-expr","locations":[{"start":{"line":74,"column":20},"end":{"line":74,"column":41}},{"start":{"line":74,"column":41},"end":{"line":74,"column":null}}],"line":74},"12":{"loc":{"start":{"line":84,"column":2},"end":{"line":84,"column":null}},"type":"if","locations":[{"start":{"line":84,"column":2},"end":{"line":84,"column":null}},{"start":{},"end":{}}],"line":84},"13":{"loc":{"start":{"line":87,"column":4},"end":{"line":90,"column":null}},"type":"binary-expr","locations":[{"start":{"line":87,"column":4},"end":{"line":87,"column":null}},{"start":{"line":88,"column":4},"end":{"line":88,"column":null}},{"start":{"line":89,"column":4},"end":{"line":89,"column":null}},{"start":{"line":90,"column":4},"end":{"line":90,"column":null}}],"line":87},"14":{"loc":{"start":{"line":100,"column":2},"end":{"line":100,"column":null}},"type":"default-arg","locations":[{"start":{"line":100,"column":32},"end":{"line":100,"column":null}}],"line":100},"15":{"loc":{"start":{"line":102,"column":20},"end":{"line":102,"column":null}},"type":"binary-expr","locations":[{"start":{"line":102,"column":20},"end":{"line":102,"column":41}},{"start":{"line":102,"column":41},"end":{"line":102,"column":null}}],"line":102},"16":{"loc":{"start":{"line":103,"column":14},"end":{"line":103,"column":null}},"type":"binary-expr","locations":[{"start":{"line":103,"column":14},"end":{"line":103,"column":29}},{"start":{"line":103,"column":29},"end":{"line":103,"column":null}}],"line":103},"17":{"loc":{"start":{"line":104,"column":21},"end":{"line":104,"column":null}},"type":"binary-expr","locations":[{"start":{"line":104,"column":21},"end":{"line":104,"column":43}},{"start":{"line":104,"column":43},"end":{"line":104,"column":null}}],"line":104},"18":{"loc":{"start":{"line":107,"column":7},"end":{"line":107,"column":46}},"type":"cond-expr","locations":[{"start":{"line":107,"column":20},"end":{"line":107,"column":44}},{"start":{"line":107,"column":44},"end":{"line":107,"column":46}}],"line":107},"19":{"loc":{"start":{"line":113,"column":2},"end":{"line":115,"column":null}},"type":"if","locations":[{"start":{"line":113,"column":2},"end":{"line":115,"column":null}},{"start":{},"end":{}}],"line":113},"20":{"loc":{"start":{"line":113,"column":6},"end":{"line":113,"column":47}},"type":"binary-expr","locations":[{"start":{"line":113,"column":6},"end":{"line":113,"column":18}},{"start":{"line":113,"column":18},"end":{"line":113,"column":47}}],"line":113},"21":{"loc":{"start":{"line":120,"column":2},"end":{"line":120,"column":null}},"type":"if","locations":[{"start":{"line":120,"column":2},"end":{"line":120,"column":null}},{"start":{},"end":{}}],"line":120},"22":{"loc":{"start":{"line":132,"column":2},"end":{"line":133,"column":null}},"type":"if","locations":[{"start":{"line":132,"column":2},"end":{"line":133,"column":null}},{"start":{},"end":{}}],"line":132},"23":{"loc":{"start":{"line":134,"column":2},"end":{"line":135,"column":null}},"type":"if","locations":[{"start":{"line":134,"column":2},"end":{"line":135,"column":null}},{"start":{},"end":{}}],"line":134},"24":{"loc":{"start":{"line":136,"column":2},"end":{"line":137,"column":null}},"type":"if","locations":[{"start":{"line":136,"column":2},"end":{"line":137,"column":null}},{"start":{},"end":{}}],"line":136},"25":{"loc":{"start":{"line":138,"column":2},"end":{"line":139,"column":null}},"type":"if","locations":[{"start":{"line":138,"column":2},"end":{"line":139,"column":null}},{"start":{},"end":{}}],"line":138},"26":{"loc":{"start":{"line":140,"column":2},"end":{"line":141,"column":null}},"type":"if","locations":[{"start":{"line":140,"column":2},"end":{"line":141,"column":null}},{"start":{},"end":{}}],"line":140},"27":{"loc":{"start":{"line":142,"column":2},"end":{"line":143,"column":null}},"type":"if","locations":[{"start":{"line":142,"column":2},"end":{"line":143,"column":null}},{"start":{},"end":{}}],"line":142},"28":{"loc":{"start":{"line":144,"column":2},"end":{"line":145,"column":null}},"type":"if","locations":[{"start":{"line":144,"column":2},"end":{"line":145,"column":null}},{"start":{},"end":{}}],"line":144}},"s":{"0":1122,"1":1122,"2":1,"3":1121,"4":2,"5":2,"6":1,"7":1,"8":2,"9":66093,"10":178,"11":8,"12":42,"13":1,"14":41,"15":4,"16":37,"17":37,"18":37,"19":37,"20":36,"21":1,"22":35,"23":35,"24":35,"25":1,"26":34,"27":0,"28":122,"29":14,"30":14,"31":14,"32":108,"33":108,"34":46,"35":1,"36":45,"37":45,"38":21898,"39":21897,"40":21897,"41":21897,"42":21897,"43":8,"44":8,"45":4,"46":4,"47":12,"48":6,"49":6,"50":8,"51":8,"52":8,"53":29,"54":29,"55":2,"56":27,"57":27,"58":26,"59":26,"60":25,"61":1,"62":24,"63":1,"64":23,"65":23,"66":22,"67":22,"68":21},"f":{"0":1122,"1":2,"2":2,"3":66093,"4":8,"5":42,"6":36,"7":122,"8":46,"9":21898,"10":21897,"11":8,"12":12,"13":8,"14":29},"b":{"0":[1,1121],"1":[2],"2":[1,1],"3":[4,4],"4":[1,41],"5":[4,37],"6":[31,6],"7":[1,35],"8":[1,34],"9":[14,108],"10":[10,4],"11":[55,53],"12":[1,45],"13":[45,45,36,35],"14":[21897],"15":[21897,11],"16":[21897,21895],"17":[21897,1],"18":[21896,1],"19":[4,4],"20":[8,5],"21":[6,6],"22":[2,27],"23":[1,26],"24":[1,25],"25":[1,24],"26":[1,23],"27":[1,22],"28":[1,21]},"meta":{"lastBranch":29,"lastFunction":15,"lastStatement":69,"seen":{"f:1:16:1:55":0,"s:2:13:2:Infinity":0,"b:3:2:3:Infinity:undefined:undefined:undefined:undefined":0,"s:3:2:3:Infinity":1,"s:3:11:3:Infinity":2,"s:4:2:4:Infinity":3,"f:7:16:7:Infinity":1,"b:9:23:9:Infinity":1,"s:11:13:11:Infinity":4,"b:12:2:12:Infinity:undefined:undefined:undefined:undefined":2,"s:12:2:12:Infinity":5,"s:12:11:12:Infinity":6,"s:13:2:13:Infinity":7,"f:16:16:16:Infinity":2,"s:20:2:20:Infinity":8,"f:23:16:23:27":3,"s:24:2:29:Infinity":9,"s:32:25:32:Infinity":10,"f:34:16:34:25":4,"s:35:2:35:Infinity":11,"b:35:38:35:56:35:56:35:Infinity":3,"f:38:16:38:27":5,"b:39:2:39:Infinity:undefined:undefined:undefined:undefined":4,"s:39:2:39:Infinity":12,"s:39:17:39:Infinity":13,"b:40:2:40:Infinity:undefined:undefined:undefined:undefined":5,"s:40:2:40:Infinity":14,"s:40:19:40:Infinity":15,"s:41:16:41:Infinity":16,"s:42:12:45:Infinity":17,"s:46:16:46:Infinity":18,"s:47:2:47:Infinity":19,"b:47:22:47:30:47:30:47:46":6,"f:50:16:50:27":6,"b:51:2:51:Infinity:undefined:undefined:undefined:undefined":7,"s:51:2:51:Infinity":20,"s:51:12:51:Infinity":21,"s:52:2:64:Infinity":22,"s:53:14:53:Infinity":23,"b:54:4:54:Infinity:undefined:undefined:undefined:undefined":8,"s:54:4:54:Infinity":24,"s:54:28:54:Infinity":25,"s:55:4:61:Infinity":26,"s:63:4:63:Infinity":27,"f:67:16:67:25":7,"b:68:2:72:Infinity:undefined:undefined:undefined:undefined":9,"s:68:2:72:Infinity":28,"s:69:20:69:Infinity":29,"s:70:16:70:Infinity":30,"s:71:4:71:Infinity":31,"b:71:22:71:53:71:53:71:Infinity":10,"s:73:14:73:Infinity":32,"s:74:2:74:Infinity":33,"b:74:20:74:41:74:41:74:Infinity":11,"f:83:16:83:34":8,"b:84:2:84:Infinity:undefined:undefined:undefined:undefined":12,"s:84:2:84:Infinity":34,"s:84:36:84:Infinity":35,"s:85:14:85:Infinity":36,"s:86:2:90:Infinity":37,"b:87:4:87:Infinity:88:4:88:Infinity:89:4:89:Infinity:90:4:90:Infinity":13,"f:94:16:94:29":9,"s:95:2:95:Infinity":38,"f:98:16:98:Infinity":10,"b:100:32:100:Infinity":14,"s:102:20:102:Infinity":39,"b:102:20:102:41:102:41:102:Infinity":15,"s:103:14:103:Infinity":40,"b:103:14:103:29:103:29:103:Infinity":16,"s:104:21:104:Infinity":41,"b:104:21:104:43:104:43:104:Infinity":17,"s:105:2:107:Infinity":42,"b:107:20:107:44:107:44:107:46":18,"f:111:16:111:29":11,"s:112:14:112:Infinity":43,"b:113:2:115:Infinity:undefined:undefined:undefined:undefined":19,"s:113:2:115:Infinity":44,"b:113:6:113:18:113:18:113:47":20,"s:114:4:114:Infinity":45,"s:116:2:116:Infinity":46,"f:119:16:119:30":12,"b:120:2:120:Infinity:undefined:undefined:undefined:undefined":21,"s:120:2:120:Infinity":47,"s:120:30:120:Infinity":48,"s:121:2:121:Infinity":49,"f:124:16:124:25":13,"s:125:14:125:Infinity":50,"s:126:18:126:Infinity":51,"s:127:2:127:Infinity":52,"f:130:16:130:30":14,"s:131:14:131:Infinity":53,"b:132:2:133:Infinity:undefined:undefined:undefined:undefined":22,"s:132:2:133:Infinity":54,"s:133:4:133:Infinity":55,"b:134:2:135:Infinity:undefined:undefined:undefined:undefined":23,"s:134:2:135:Infinity":56,"s:135:4:135:Infinity":57,"b:136:2:137:Infinity:undefined:undefined:undefined:undefined":24,"s:136:2:137:Infinity":58,"s:137:4:137:Infinity":59,"b:138:2:139:Infinity:undefined:undefined:undefined:undefined":25,"s:138:2:139:Infinity":60,"s:139:4:139:Infinity":61,"b:140:2:141:Infinity:undefined:undefined:undefined:undefined":26,"s:140:2:141:Infinity":62,"s:141:4:141:Infinity":63,"b:142:2:143:Infinity:undefined:undefined:undefined:undefined":27,"s:142:2:143:Infinity":64,"s:143:4:143:Infinity":65,"b:144:2:145:Infinity:undefined:undefined:undefined:undefined":28,"s:144:2:145:Infinity":66,"s:145:4:145:Infinity":67,"s:146:2:146:Infinity":68}}}
}
