{"total": {"lines":{"total":3078,"covered":3044,"skipped":0,"pct":98.89},"statements":{"total":3346,"covered":3288,"skipped":0,"pct":98.26},"functions":{"total":483,"covered":474,"skipped":0,"pct":98.13},"branches":{"total":1852,"covered":1702,"skipped":0,"pct":91.9},"branchesTrue":{"total":0,"covered":0,"skipped":0,"pct":"Unknown"}}
,"C:\\Users\\Burnt\\Documents\\GitHub\\S3-Sidekick\\src\\activity-log.ts": {"lines":{"total":41,"covered":41,"skipped":0,"pct":100},"functions":{"total":10,"covered":10,"skipped":0,"pct":100},"statements":{"total":42,"covered":42,"skipped":0,"pct":100},"branches":{"total":27,"covered":27,"skipped":0,"pct":100}}
,"C:\\Users\\Burnt\\Documents\\GitHub\\S3-Sidekick\\src\\bookmarks.ts": {"lines":{"total":129,"covered":125,"skipped":0,"pct":96.89},"functions":{"total":22,"covered":22,"skipped":0,"pct":100},"statements":{"total":135,"covered":130,"skipped":0,"pct":96.29},"branches":{"total":76,"covered":73,"skipped":0,"pct":96.05}}
,"C:\\Users\\Burnt\\Documents\\GitHub\\S3-Sidekick\\src\\bottom-drawer.ts": {"lines":{"total":118,"covered":118,"skipped":0,"pct":100},"functions":{"total":19,"covered":19,"skipped":0,"pct":100},"statements":{"total":125,"covered":125,"skipped":0,"pct":100},"branches":{"total":50,"covered":49,"skipped":0,"pct":98}}
,"C:\\Users\\Burnt\\Documents\\GitHub\\S3-Sidekick\\src\\browser.ts": {"lines":{"total":257,"covered":256,"skipped":0,"pct":99.61},"functions":{"total":40,"covered":40,"skipped":0,"pct":100},"statements":{"total":276,"covered":273,"skipped":0,"pct":98.91},"branches":{"total":133,"covered":118,"skipped":0,"pct":88.72}}
,"C:\\Users\\Burnt\\Documents\\GitHub\\S3-Sidekick\\src\\command-palette.ts": {"lines":{"total":75,"covered":75,"skipped":0,"pct":100},"functions":{"total":14,"covered":14,"skipped":0,"pct":100},"statements":{"total":86,"covered":86,"skipped":0,"pct":100},"branches":{"total":53,"covered":52,"skipped":0,"pct":98.11}}
,"C:\\Users\\Burnt\\Documents\\GitHub\\S3-Sidekick\\src\\connection.ts": {"lines":{"total":50,"covered":50,"skipped":0,"pct":100},"functions":{"total":7,"covered":7,"skipped":0,"pct":100},"statements":{"total":52,"covered":52,"skipped":0,"pct":100},"branches":{"total":16,"covered":16,"skipped":0,"pct":100}}
,"C:\\Users\\Burnt\\Documents\\GitHub\\S3-Sidekick\\src\\context-menu.ts": {"lines":{"total":70,"covered":70,"skipped":0,"pct":100},"functions":{"total":6,"covered":6,"skipped":0,"pct":100},"statements":{"total":75,"covered":75,"skipped":0,"pct":100},"branches":{"total":42,"covered":40,"skipped":0,"pct":95.23}}
,"C:\\Users\\Burnt\\Documents\\GitHub\\S3-Sidekick\\src\\dialogs.ts": {"lines":{"total":71,"covered":71,"skipped":0,"pct":100},"functions":{"total":19,"covered":19,"skipped":0,"pct":100},"statements":{"total":73,"covered":73,"skipped":0,"pct":100},"branches":{"total":48,"covered":47,"skipped":0,"pct":97.91}}
,"C:\\Users\\Burnt\\Documents\\GitHub\\S3-Sidekick\\src\\info-panel.ts": {"lines":{"total":258,"covered":258,"skipped":0,"pct":100},"functions":{"total":26,"covered":26,"skipped":0,"pct":100},"statements":{"total":271,"covered":268,"skipped":0,"pct":98.89},"branches":{"total":103,"covered":96,"skipped":0,"pct":93.2}}
,"C:\\Users\\Burnt\\Documents\\GitHub\\S3-Sidekick\\src\\keyboard.ts": {"lines":{"total":97,"covered":93,"skipped":0,"pct":95.87},"functions":{"total":5,"covered":5,"skipped":0,"pct":100},"statements":{"total":103,"covered":95,"skipped":0,"pct":92.23},"branches":{"total":94,"covered":88,"skipped":0,"pct":93.61}}
,"C:\\Users\\Burnt\\Documents\\GitHub\\S3-Sidekick\\src\\licenses.ts": {"lines":{"total":18,"covered":18,"skipped":0,"pct":100},"functions":{"total":3,"covered":3,"skipped":0,"pct":100},"statements":{"total":19,"covered":19,"skipped":0,"pct":100},"branches":{"total":8,"covered":8,"skipped":0,"pct":100}}
,"C:\\Users\\Burnt\\Documents\\GitHub\\S3-Sidekick\\src\\main.ts": {"lines":{"total":944,"covered":924,"skipped":0,"pct":97.88},"functions":{"total":159,"covered":156,"skipped":0,"pct":98.11},"statements":{"total":1036,"covered":1009,"skipped":0,"pct":97.39},"branches":{"total":532,"covered":466,"skipped":0,"pct":87.59}}
,"C:\\Users\\Burnt\\Documents\\GitHub\\S3-Sidekick\\src\\preview.ts": {"lines":{"total":35,"covered":35,"skipped":0,"pct":100},"functions":{"total":4,"covered":4,"skipped":0,"pct":100},"statements":{"total":35,"covered":35,"skipped":0,"pct":100},"branches":{"total":14,"covered":13,"skipped":0,"pct":92.85}}
,"C:\\Users\\Burnt\\Documents\\GitHub\\S3-Sidekick\\src\\security.ts": {"lines":{"total":248,"covered":244,"skipped":0,"pct":98.38},"functions":{"total":33,"covered":31,"skipped":0,"pct":93.93},"statements":{"total":286,"covered":281,"skipped":0,"pct":98.25},"branches":{"total":168,"covered":156,"skipped":0,"pct":92.85}}
,"C:\\Users\\Burnt\\Documents\\GitHub\\S3-Sidekick\\src\\settings-model.ts": {"lines":{"total":27,"covered":27,"skipped":0,"pct":100},"functions":{"total":3,"covered":3,"skipped":0,"pct":100},"statements":{"total":27,"covered":27,"skipped":0,"pct":100},"branches":{"total":32,"covered":32,"skipped":0,"pct":100}}
,"C:\\Users\\Burnt\\Documents\\GitHub\\S3-Sidekick\\src\\settings.ts": {"lines":{"total":157,"covered":157,"skipped":0,"pct":100},"functions":{"total":23,"covered":23,"skipped":0,"pct":100},"statements":{"total":167,"covered":167,"skipped":0,"pct":100},"branches":{"total":83,"covered":83,"skipped":0,"pct":100}}
,"C:\\Users\\Burnt\\Documents\\GitHub\\S3-Sidekick\\src\\state.ts": {"lines":{"total":14,"covered":14,"skipped":0,"pct":100},"functions":{"total":12,"covered":12,"skipped":0,"pct":100},"statements":{"total":14,"covered":14,"skipped":0,"pct":100},"branches":{"total":0,"covered":0,"skipped":0,"pct":100}}
,"C:\\Users\\Burnt\\Documents\\GitHub\\S3-Sidekick\\src\\transfers.ts": {"lines":{"total":204,"covered":204,"skipped":0,"pct":100},"functions":{"total":37,"covered":33,"skipped":0,"pct":89.18},"statements":{"total":225,"covered":221,"skipped":0,"pct":98.22},"branches":{"total":150,"covered":135,"skipped":0,"pct":90}}
,"C:\\Users\\Burnt\\Documents\\GitHub\\S3-Sidekick\\src\\updater.ts": {"lines":{"total":204,"covered":204,"skipped":0,"pct":100},"functions":{"total":26,"covered":26,"skipped":0,"pct":100},"statements":{"total":230,"covered":228,"skipped":0,"pct":99.13},"branches":{"total":165,"covered":145,"skipped":0,"pct":87.87}}
,"C:\\Users\\Burnt\\Documents\\GitHub\\S3-Sidekick\\src\\utils.ts": {"lines":{"total":61,"covered":60,"skipped":0,"pct":98.36},"functions":{"total":15,"covered":15,"skipped":0,"pct":100},"statements":{"total":69,"covered":68,"skipped":0,"pct":98.55},"branches":{"total":58,"covered":58,"skipped":0,"pct":100}}
}
